006422 83.8 001537 002687 gi|1 000001 001150 gi|109 
000256 74.1 006200 006454 gi|2 007792 008042 gi|98 
000277 70.5 006563 006252 gi|2 007649 007981 gi|27 
000288 79.0 006509 006253 gi|2 017335 017582 gi|73 
000864 75.7 010453 011724 gi|2 038111 039379 gi|8 
000794 77.7 010526 011675 gi|2 010858 012009 gi|100 
000279 80.9 010709 010881 gi|2 006928 007081 gi|92 
000706 78.4 011701 010749 gi|2 010032 010992 gi|121 
000350 76.1 010783 011744 gi|2 028364 029335 gi|46 
000475 74.4 010790 011687 gi|2 017044 017945 gi|50 
000308 77.5 011012 011713 gi|2 009287 009994 gi|89 
000252 75.0 011100 011716 gi|2 007306 007922 gi|92 
000506 79.3 012392 013013 gi|2 003967 004590 gi|98 
000266 84.0 015431 015561 gi|2 000975 001110 gi|18 
000265 83.0 016740 016582 gi|2 025513 025680 gi|64 
001155 100.0 000001 000127 gi|3 000001 000127 gi|77 
000762 79.5 000557 000001 gi|3 002918 003491 gi|52 
000273 75.0 003769 003690 gi|3 024484 024563 gi|9 
000260 73.2 004546 004167 gi|3 026670 027055 gi|16 
000423 80.2 004499 004288 gi|3 039083 039303 gi|98 
000510 83.9 005136 005025 gi|3 016007 016117 gi|23 
000385 74.5 011987 011776 gi|4 004032 004249 gi|106 
000928 79.1 017106 016099 gi|4 013618 014624 gi|48 
000252 77.1 000222 000031 gi|5 020689 020871 gi|31 
000265 85.2 000177 000043 gi|5 015716 015853 gi|15 
000409 77.3 000324 000056 gi|5 024929 025194 gi|80 
000547 75.8 000327 000060 gi|5 023056 023322 gi|7 
000284 71.6 000060 000288 gi|5 005941 006166 gi|73 
000274 77.9 000060 000326 gi|5 018333 018602 gi|112 
000322 78.2 000325 000069 gi|5 043438 043694 gi|8 
000256 77.4 000306 000086 gi|5 002392 002596 gi|18 
000380 77.9 011572 010975 gi|5 031094 031678 gi|13 
000315 72.5 013374 012946 gi|5 007208 007663 gi|117 
000566 79.7 014997 014218 gi|5 043936 044726 gi|79 
000292 72.9 014835 014489 gi|5 027314 027670 gi|18 
001162 96.0 000005 000152 gi|6 000001 000142 gi|121 
000300 90.2 000096 000146 gi|6 000096 000146 gi|104 
000378 81.0 000114 000213 gi|6 024552 024665 gi|79 
000276 97.7 000187 000145 gi|6 001353 001390 gi|53 
000295 73.2 001355 000760 gi|6 002176 002798 gi|94 
000270 83.8 001360 001262 gi|6 008183 008288 gi|121 
000252 80.2 006987 007223 gi|6 001735 001969 gi|15 
000680 75.3 011317 011591 gi|6 032318 032592 gi|123 
002117 96.2 019353 019093 gi|6 001190 001443 gi|113 
001003 97.5 019477 019359 gi|6 000875 000992 gi|62 
002167 94.1 023009 022739 gi|6 000936 001206 gi|113 
001670 92.9 023009 022786 gi|6 000595 000818 gi|62 
001093 76.3 013921 013572 gi|7 011496 011845 gi|80 
000642 79.8 014744 013797 gi|7 000002 000831 gi|18 
001285 79.9 014776 014010 gi|7 000414 001093 gi|18 
000546 77.5 014505 014022 gi|7 010099 010562 gi|80 
000319 72.6 014205 014027 gi|7 000001 000182 gi|18 
000838 80.5 014793 014029 gi|7 000619 001307 gi|18 
000461 80.6 014459 014038 gi|7 000008 000393 gi|18 
000286 78.3 014235 014042 gi|7 009382 009577 gi|80 
000403 76.9 014767 014054 gi|7 010116 010760 gi|80 
000251 70.2 014058 014235 gi|7 027563 027740 gi|42 
000729 78.7 014815 014083 gi|7 000149 000789 gi|18 
000274 72.2 014227 014084 gi|7 010119 010259 gi|80 
000520 76.7 014797 014099 gi|7 010311 010988 gi|80 
000544 74.8 014780 014278 gi|7 010846 011370 gi|80 
000371 77.5 014292 014740 gi|7 011916 012335 gi|64 
000619 76.8 014774 014293 gi|7 010583 011055 gi|80 
000317 78.0 014669 014302 gi|7 009157 009576 gi|80 
000555 78.6 014775 014496 gi|7 000869 001138 gi|18 
000405 80.5 014882 014554 gi|7 009296 009600 gi|80 
000321 77.0 014655 014802 gi|7 014430 014569 gi|64 
000802 78.3 016709 017874 gi|7 017046 018163 gi|80 
000250 78.5 016977 016843 gi|7 016748 016894 gi|36 
003266 75.8 020926 019183 gi|7 004823 006573 gi|11 
000901 74.1 019252 020906 gi|7 034831 036479 gi|73 
001567 75.0 022023 019271 gi|7 021317 023989 gi|31 
000601 75.5 019295 022017 gi|7 011578 014233 gi|28 
000255 80.8 019468 019318 gi|7 032584 032728 gi|16 
000609 74.1 020876 019379 gi|7 015577 017092 gi|15 
000316 79.8 019839 019567 gi|7 038820 039083 gi|106 
000989 78.0 019669 020695 gi|7 026439 027456 gi|53 
001025 75.5 019791 020881 gi|7 007449 008530 gi|44 
000330 73.5 020175 020882 gi|7 014278 014982 gi|28 
000351 73.5 020884 020247 gi|7 020595 021229 gi|31 
000282 78.2 020349 020263 gi|7 002214 002300 gi|8 
000410 78.0 020267 020930 gi|7 037612 038275 gi|73 
000252 74.4 020883 020270 gi|7 015628 016247 gi|13 
000797 75.5 020878 020286 gi|7 003093 003684 gi|123 
000333 81.7 020899 020295 gi|7 024932 025518 gi|80 
000649 77.2 020306 020923 gi|7 009859 010485 gi|44 
000338 74.5 020879 020308 gi|7 002961 003532 gi|11 
000255 73.9 020321 020703 gi|7 010740 011139 gi|39 
000293 77.7 020696 020370 gi|7 017524 017832 gi|16 
000267 74.2 020841 020621 gi|7 004037 004266 gi|16 
003904 76.7 022893 021074 gi|7 002904 004731 gi|11 
000342 75.9 021751 021295 gi|7 016565 017021 gi|15 
000297 72.7 021696 021335 gi|7 004132 004493 gi|123 
000524 70.5 022872 022089 gi|7 015601 016400 gi|13 
001604 77.2 022867 022121 gi|7 015545 016306 gi|15 
000449 70.8 022121 022657 gi|7 026925 027456 gi|53 
001411 75.5 022148 022872 gi|7 009739 010463 gi|44 
001636 76.5 022155 022870 gi|7 037541 038253 gi|73 
000887 73.2 022857 022161 gi|7 020582 021278 gi|31 
000918 72.9 022851 022165 gi|7 003085 003768 gi|123 
000685 71.5 022165 022851 gi|7 014297 014989 gi|28 
000576 72.8 022166 022857 gi|7 007853 008544 gi|44 
000283 73.1 022843 022205 gi|7 004867 005509 gi|11 
000361 78.2 022223 022854 gi|7 035834 036459 gi|73 
000256 76.2 022232 022845 gi|7 010698 011322 gi|39 
000295 76.2 022473 022264 gi|7 016961 017176 gi|70 
000335 78.5 022984 023665 gi|7 017511 018208 gi|70 
000409 79.6 023475 022986 gi|7 030998 031471 gi|106 
003242 78.3 023006 024292 gi|7 024865 026205 gi|80 
001377 77.9 023692 023036 gi|7 013779 014434 gi|12 
000634 78.5 023760 023037 gi|7 010600 011347 gi|39 
000708 74.5 023041 023729 gi|7 017306 017983 gi|16 
000275 73.9 023685 023053 gi|7 017973 018602 gi|112 
000286 77.6 023055 023340 gi|7 000565 000879 gi|25 
000272 76.8 023062 024058 gi|7 001322 002324 gi|25 
000342 78.2 023661 023079 gi|7 021754 022339 gi|85 
000481 74.8 023080 023701 gi|7 015372 015988 gi|122 
000811 72.0 023085 023645 gi|7 019975 020538 gi|114 
000546 73.6 023093 023705 gi|7 004029 004648 gi|16 
000250 72.1 023098 023384 gi|7 029128 029414 gi|112 
000370 73.7 023419 023101 gi|7 006511 006841 gi|73 
000276 75.8 023990 023106 gi|7 005246 006160 gi|73 
000650 76.1 023106 023728 gi|7 000008 000634 gi|48 
000352 77.4 023135 023426 gi|7 006803 007103 gi|100 
000250 75.6 023338 023159 gi|7 008261 008438 gi|44 
000342 78.2 023229 023650 gi|7 003249 003676 gi|123 
000343 79.5 023252 023334 gi|7 043633 043715 gi|8 
000356 78.3 023771 023256 gi|7 026949 027456 gi|53 
000503 79.2 025500 025069 gi|7 009655 010116 gi|46 
000806 90.0 026018 025679 gi|7 000041 000323 gi|58 
000497 89.5 025790 025696 gi|7 007652 007741 gi|18 
003120 94.0 025709 026108 gi|7 022521 022918 gi|113 
000273 86.0 025962 026018 gi|7 000026 000082 gi|80 
001594 86.2 000001 000282 gi|8 038863 039144 gi|50 
000802 81.9 000001 000182 gi|8 038963 039144 gi|50 
001663 93.3 000085 000309 gi|8 038847 039071 gi|50 
000756 88.7 000186 000309 gi|8 038848 038971 gi|50 
000640 76.1 001920 000666 gi|8 002443 003750 gi|124 
000541 76.7 001923 000768 gi|8 031080 032229 gi|106 
000298 76.4 001035 000778 gi|8 031114 031373 gi|106 
000324 76.8 000855 001341 gi|8 011790 012333 gi|25 
000263 80.9 001103 000968 gi|8 002503 002645 gi|72 
000291 77.4 001074 001303 gi|8 000024 000289 gi|105 
000280 78.0 001341 001201 gi|8 002619 002756 gi|75 
000386 78.1 001943 001456 gi|8 003341 003812 gi|124 
000430 78.3 001901 001533 gi|8 031943 032301 gi|106 
000268 76.8 002045 001667 gi|8 013757 014132 gi|9 
000293 79.8 001888 001785 gi|8 011041 011139 gi|39 
000285 86.1 001788 001895 gi|8 000791 000896 gi|25 
000550 76.7 003900 002839 gi|8 023482 024484 gi|9 
000259 76.9 002951 003041 gi|8 017562 017658 gi|100 
000271 75.7 003010 003647 gi|8 007920 008542 gi|87 
000255 78.4 003663 003099 gi|8 004818 005372 gi|98 
000482 75.5 003852 003245 gi|8 026509 027089 gi|16 
000297 73.2 003283 003573 gi|8 016109 016408 gi|9 
000253 82.6 003615 003815 gi|8 014571 014749 gi|81 
002333 79.3 005015 004000 gi|8 009004 009964 gi|99 
000618 79.3 005006 004006 gi|8 003226 004180 gi|97 
000362 76.9 004987 004589 gi|8 007403 007765 gi|42 
000290 78.6 004589 005083 gi|8 011511 011943 gi|65 
000273 79.9 012247 011940 gi|8 006394 006674 gi|15 
001678 79.0 028226 028954 gi|8 033509 034246 gi|36 
001344 77.7 028967 028252 gi|8 007207 007913 gi|80 
001063 74.5 028292 028813 gi|8 016952 017476 gi|64 
000497 72.7 028343 028968 gi|8 008247 008908 gi|97 
000281 78.3 028352 028526 gi|8 006558 006732 gi|46 
000621 73.8 028419 028815 gi|8 013030 013417 gi|39 
000275 78.5 029333 029798 gi|8 034890 035366 gi|36 
001127 78.2 029982 030819 gi|8 035417 036218 gi|36 
000521 76.2 030824 030087 gi|8 005863 006594 gi|80 
000328 79.8 030169 030825 gi|8 010968 011598 gi|97 
000432 78.3 030390 030822 gi|8 018551 018980 gi|64 
000256 76.1 030859 030529 gi|8 011734 012059 gi|15 
000318 79.7 031322 031087 gi|8 011525 011757 gi|65 
000354 82.9 031088 031315 gi|8 003367 003585 gi|97 
000509 84.0 031100 031324 gi|8 007529 007753 gi|42 
000284 75.0 035089 035224 gi|8 003771 003920 gi|125 
000314 77.5 035247 035101 gi|8 003497 003645 gi|104 
000268 73.6 037058 037622 gi|8 004593 005145 gi|97 
000665 75.2 038035 039322 gi|8 016625 017920 gi|50 
001078 74.9 038197 039316 gi|8 010871 011987 gi|100 
000285 75.4 039301 038327 gi|8 010089 011051 gi|121 
000275 76.7 038399 038707 gi|8 018403 018734 gi|81 
000266 77.7 038468 038646 gi|8 029055 029224 gi|46 
000367 77.0 038754 039322 gi|8 007296 007870 gi|92 
000252 78.4 040471 040370 gi|8 028973 029075 gi|42 
000254 77.3 041143 041069 gi|8 029577 029654 gi|42 
001002 78.1 044595 043366 gi|8 021226 022429 gi|85 
000399 82.8 043611 043726 gi|8 017493 017615 gi|16 
000262 80.6 043826 043626 gi|8 010935 011142 gi|39 
000331 81.5 043633 043789 gi|8 025120 025273 gi|80 
000605 74.7 005022 004592 gi|9 004412 004860 gi|67 
000720 76.1 005975 005051 gi|9 003339 004245 gi|67 
001367 74.7 014414 013120 gi|9 002846 004141 gi|92 
000280 83.0 013662 013510 gi|9 002337 002487 gi|100 
000266 76.8 014179 013554 gi|9 024942 025597 gi|80 
000301 76.8 014024 013560 gi|9 006891 007365 gi|100 
000261 82.8 013936 014028 gi|9 019168 019260 gi|112 
000580 78.3 016700 015591 gi|9 026469 027558 gi|16 
000464 76.0 021905 021226 gi|9 000572 001246 gi|98 
000502 74.1 024582 023490 gi|9 007687 008754 gi|87 
000659 76.7 023513 024075 gi|9 026494 027062 gi|16 
000309 73.1 023674 024082 gi|9 007543 007960 gi|33 
000252 77.0 028103 028384 gi|9 021250 021562 gi|110 
001449 75.0 031288 030288 gi|9 012082 013094 gi|18 
000304 80.6 031217 030996 gi|9 016877 017090 gi|100 
001480 76.4 032201 033562 gi|9 008635 009993 gi|89 
000329 79.5 033257 032523 gi|9 011159 011857 gi|22 
000288 76.8 034207 034040 gi|9 020377 020562 gi|85 
000256 79.8 035210 035102 gi|9 016666 016784 gi|94 
000261 76.7 035156 035648 gi|9 006703 007192 gi|34 
000670 86.5 000185 000001 gi|10 000001 000182 gi|125 
000494 85.3 000123 000008 gi|10 000001 000113 gi|125 
000454 87.6 000207 000039 gi|10 000038 000195 gi|125 
000385 77.8 001514 001960 gi|10 047127 047612 gi|79 
000341 77.6 002081 002384 gi|10 047628 047914 gi|79 
000460 77.5 009857 010438 gi|10 017300 017863 gi|70 
000971 78.5 010432 009875 gi|10 004671 005235 gi|59 
001410 78.4 009914 010497 gi|10 016340 016934 gi|70 
001008 73.6 010432 009930 gi|10 021660 022165 gi|117 
000691 77.8 010438 009994 gi|10 003656 004099 gi|59 
000463 75.8 010434 010101 gi|10 020658 020996 gi|117 
000309 74.7 010185 010496 gi|10 017371 017675 gi|16 
001012 74.9 002355 000988 gi|11 001679 003069 gi|45 
000285 82.8 001939 002054 gi|11 008231 008342 gi|24 
000800 72.4 002902 003648 gi|11 003030 003791 gi|123 
001129 74.2 003994 002919 gi|11 037140 038266 gi|73 
000977 76.1 003616 002930 gi|11 009779 010463 gi|44 
000651 68.9 002931 003532 gi|11 022371 022970 gi|31 
001420 75.1 002946 003656 gi|11 015556 016277 gi|15 
000612 73.8 003640 002953 gi|11 007850 008537 gi|44 
000931 74.3 002957 003587 gi|11 015631 016258 gi|13 
000471 72.3 003400 002961 gi|11 036013 036452 gi|73 
000261 75.6 002966 003043 gi|11 017389 017466 gi|15 
001178 77.4 002999 003736 gi|11 020636 021377 gi|31 
000900 74.3 003618 003085 gi|11 014316 014863 gi|28 
000282 75.7 003587 003106 gi|11 010671 011173 gi|39 
000296 77.9 003598 003114 gi|11 012525 013012 gi|28 
000596 74.0 003637 003181 gi|11 026967 027420 gi|53 
001306 74.7 004271 006404 gi|11 021785 023912 gi|31 
000981 76.5 006451 004816 gi|11 034880 036509 gi|73 
000415 75.9 005144 004830 gi|11 012891 013205 gi|28 
000415 75.3 005506 004860 gi|11 037588 038232 gi|73 
000567 75.3 005496 004865 gi|11 009806 010438 gi|44 
000350 73.1 004868 005639 gi|11 020595 021368 gi|31 
000735 73.1 004869 005577 gi|11 015573 016284 gi|15 
000496 76.6 004869 005398 gi|11 015628 016140 gi|13 
000523 71.5 005464 004869 gi|11 014379 014981 gi|28 
000258 78.1 004869 005128 gi|11 024931 025198 gi|80 
000492 73.2 004872 005946 gi|11 003094 004156 gi|123 
000258 74.7 004875 004949 gi|11 017389 017463 gi|15 
000704 72.4 006150 004875 gi|11 007263 008523 gi|44 
000286 80.6 005034 005136 gi|11 015520 015621 gi|122 
000288 77.1 005128 005046 gi|11 011057 011139 gi|39 
000907 75.2 006143 005054 gi|11 026381 027456 gi|53 
000268 76.7 005818 005984 gi|11 015772 015956 gi|15 
000256 80.8 006649 006887 gi|11 001655 001898 gi|69 
000682 75.0 010817 012317 gi|11 014000 015460 gi|109 
000257 84.3 011201 011289 gi|11 023944 024043 gi|87 
000301 84.8 015252 015161 gi|11 010092 010178 gi|59 
000669 80.7 000001 000119 gi|12 013889 014007 gi|69 
000336 81.9 000481 000618 gi|12 004681 004809 gi|121 
000273 80.3 008435 007841 gi|12 007659 008219 gi|40 
000256 79.2 013458 013146 gi|12 025816 026134 gi|80 
000312 76.3 014239 013498 gi|12 017501 018250 gi|16 
001697 77.2 014456 013716 gi|12 024889 025623 gi|80 
000769 76.4 014428 013733 gi|12 019931 020643 gi|114 
000492 74.2 013772 014390 gi|12 018777 019401 gi|112 
000394 76.6 013772 014237 gi|12 010668 011153 gi|39 
000420 79.5 014261 013779 gi|12 000112 000597 gi|48 
000254 75.7 014243 013800 gi|12 016752 017201 gi|70 
000319 73.3 013800 014346 gi|12 006268 006832 gi|73 
000440 68.7 014329 013803 gi|12 004073 004606 gi|16 
000702 74.8 014368 013805 gi|12 015390 015952 gi|122 
000296 78.0 014394 013810 gi|12 026528 027103 gi|112 
000303 73.3 014234 013831 gi|12 003257 003663 gi|123 
000318 72.0 013840 014403 gi|12 018027 018587 gi|112 
000355 75.9 013845 014243 gi|12 021349 021777 gi|117 
000253 74.5 014052 014243 gi|12 020583 020776 gi|117 
000365 79.5 014243 014088 gi|12 017741 017905 gi|70 
000271 71.3 014127 014234 gi|12 004672 004779 gi|59 
000325 78.0 014313 014137 gi|12 022483 022662 gi|31 
000320 84.0 014140 014258 gi|12 008269 008396 gi|44 
000299 73.4 014395 014140 gi|12 015639 015891 gi|13 
000292 78.4 014140 014315 gi|12 031129 031295 gi|106 
000838 73.8 000686 000447 gi|13 008664 008906 gi|56 
002326 75.4 002143 005198 gi|13 012404 015541 gi|114 
004305 75.4 002196 005227 gi|13 006699 009757 gi|78 
000375 72.0 002490 002960 gi|13 037707 038187 gi|65 
000592 76.6 002519 002838 gi|13 019383 019705 gi|67 
000427 80.9 002844 002714 gi|13 004277 004406 gi|125 
000319 86.8 002838 002748 gi|13 014121 014211 gi|21 
001957 75.4 003234 004684 gi|13 038449 039970 gi|65 
002238 74.1 005259 003236 gi|13 001874 003911 gi|125 
001119 74.1 005252 003263 gi|13 011691 013714 gi|21 
000332 75.7 003380 004049 gi|13 023265 023922 gi|36 
001211 72.7 003388 005170 gi|13 017166 018924 gi|59 
000328 82.5 003405 003461 gi|13 020342 020398 gi|67 
000423 71.8 004595 005306 gi|13 024490 025216 gi|36 
000976 75.4 004715 005279 gi|13 000001 000550 gi|81 
000304 78.8 015315 015250 gi|13 015986 016052 gi|80 
000636 70.9 015518 016303 gi|13 022272 023088 gi|31 
000781 70.0 016323 015600 gi|13 009744 010464 gi|44 
001061 73.0 015603 016253 gi|13 015542 016195 gi|15 
000459 73.7 016272 015603 gi|13 035804 036481 gi|73 
001710 75.3 015604 017301 gi|13 003064 004749 gi|123 
000721 72.6 015605 016356 gi|13 020571 021322 gi|31 
000261 76.5 016874 015609 gi|13 011914 013198 gi|28 
000336 77.5 015622 015710 gi|13 017374 017462 gi|15 
000826 73.3 016225 015626 gi|13 037630 038233 gi|73 
000325 72.1 016310 015630 gi|13 007853 008530 gi|44 
000477 70.7 016259 015816 gi|13 027013 027456 gi|53 
000508 74.2 020497 021603 gi|13 011155 012231 gi|46 
000250 80.0 022524 022633 gi|13 003397 003492 gi|19 
000250 77.6 038911 038448 gi|13 034941 035437 gi|63 
001490 90.0 000449 000190 gi|14 003387 003678 gi|52 
000393 76.1 001768 002927 gi|15 014744 015899 gi|48 
001497 77.9 004355 005565 gi|15 023792 024973 gi|39 
000257 77.7 004499 004628 gi|15 000545 000682 gi|25 
000270 85.8 006195 006300 gi|15 001241 001349 gi|44 
001443 78.2 006219 007432 gi|15 000062 001334 gi|106 
000504 74.8 007540 008063 gi|15 001574 002112 gi|106 
001352 74.2 008373 009224 gi|15 024080 024928 gi|39 
000289 80.6 012280 011750 gi|15 018502 019010 gi|64 
000515 78.6 013759 012864 gi|15 008118 009044 gi|97 
000265 75.5 013370 013130 gi|15 018503 018788 gi|64 
000328 71.5 013633 013353 gi|15 033620 033903 gi|36 
000830 72.0 016281 015472 gi|15 014257 015069 gi|28 
001672 76.8 016166 015528 gi|15 009840 010475 gi|44 
001185 74.2 015534 016369 gi|15 020561 021393 gi|31 
000265 76.6 016148 015550 gi|15 010713 011345 gi|39 
000751 74.3 016829 015552 gi|15 007285 008547 gi|44 
000564 72.1 015574 016384 gi|15 022399 023209 gi|31 
001471 76.3 015579 017128 gi|15 003097 004655 gi|123 
001240 75.2 016268 015579 gi|15 037533 038219 gi|73 
000389 76.3 015581 015913 gi|15 017327 017683 gi|16 
000451 73.1 016244 015595 gi|15 035779 036430 gi|73 
000260 75.3 015847 015597 gi|15 006596 006856 gi|73 
000345 75.0 015621 016192 gi|15 016637 017217 gi|70 
000293 78.8 016206 015739 gi|15 021293 021768 gi|117 
000304 75.0 015740 015835 gi|15 000784 000873 gi|25 
000256 76.7 015747 016249 gi|15 011883 012367 gi|25 
000975 76.7 016790 015758 gi|15 026433 027456 gi|53 
000399 76.0 016325 015956 gi|15 012430 012787 gi|28 
000318 75.0 016822 016527 gi|15 011923 012203 gi|28 
000273 76.2 016955 016549 gi|15 009021 009427 gi|44 
000265 76.5 017074 016764 gi|15 008425 008738 gi|67 
000341 71.8 004645 004029 gi|16 017951 018565 gi|112 
000457 71.7 004030 004604 gi|16 024965 025534 gi|80 
000288 74.7 004266 004034 gi|16 036194 036417 gi|73 
000893 75.2 004034 004666 gi|16 000004 000632 gi|48 
000949 77.9 004601 004041 gi|16 005601 006158 gi|73 
000277 70.5 004332 004058 gi|16 020599 020875 gi|117 
000971 75.9 004067 004684 gi|16 015418 016032 gi|122 
000595 78.1 004612 004087 gi|16 006266 006791 gi|73 
000286 75.2 004639 004091 gi|16 018776 019324 gi|112 
000343 73.8 004756 004115 gi|16 004185 004838 gi|59 
000304 76.7 004157 004585 gi|16 020111 020539 gi|114 
000309 72.9 004578 004170 gi|16 021350 021771 gi|117 
000277 77.3 004270 004183 gi|16 001479 001569 gi|102 
000282 80.2 004664 004195 gi|16 026990 027456 gi|53 
000262 79.9 013098 012482 gi|16 020168 020759 gi|80 
000274 82.5 016366 016542 gi|16 001674 001841 gi|77 
000289 74.9 017905 017100 gi|16 005609 006433 gi|73 
001013 77.0 017295 017919 gi|16 025822 026443 gi|50 
000304 77.1 017762 017314 gi|16 018159 018613 gi|112 
000313 77.1 017666 017326 gi|16 003600 003949 gi|59 
000787 78.7 017902 017372 gi|16 010718 011281 gi|39 
000591 74.6 017417 017888 gi|16 016672 017164 gi|70 
000294 76.8 017984 017421 gi|16 021278 021853 gi|117 
000740 73.1 017422 017993 gi|16 025024 025607 gi|80 
000375 75.6 017443 017618 gi|16 000717 000889 gi|25 
000256 77.1 017617 017443 gi|16 008255 008420 gi|44 
000414 75.0 018091 017473 gi|16 018639 019272 gi|112 
000283 77.1 017483 017591 gi|16 020728 020848 gi|31 
000656 75.5 017484 017968 gi|16 000114 000623 gi|48 
000300 79.8 017606 017493 gi|16 036185 036307 gi|73 
000593 73.5 017493 017923 gi|16 026673 027111 gi|112 
000252 73.3 017597 017493 gi|16 001920 002024 gi|68 
000423 72.9 017885 017499 gi|16 006308 006712 gi|73 
000302 77.4 017500 017964 gi|16 011869 012341 gi|25 
000353 74.9 017504 017914 gi|16 015519 015947 gi|122 
000274 75.5 017504 017894 gi|16 020128 020533 gi|114 
000306 78.4 017505 017629 gi|16 022563 022696 gi|31 
000668 76.3 017506 017965 gi|16 003257 003737 gi|123 
000265 75.7 017724 017511 gi|16 002665 002878 gi|83 
000377 76.6 017900 017521 gi|16 004355 004764 gi|59 
000268 85.6 017610 017521 gi|16 031113 031208 gi|106 
000273 81.2 017688 017556 gi|16 027306 027425 gi|53 
000264 76.8 017709 017850 gi|16 000097 000247 gi|70 
000253 81.5 017907 017800 gi|16 029227 029343 gi|45 
000264 85.5 019625 019467 gi|16 002572 002736 gi|39 
000281 87.0 019604 019528 gi|16 015628 015708 gi|107 
000278 80.2 034973 034863 gi|16 008485 008589 gi|36 
000593 84.9 039648 039753 gi|16 000001 000106 gi|52 
002804 75.8 013061 010872 gi|17 020517 022677 gi|88 
002709 75.0 015466 013634 gi|17 018422 020293 gi|88 
000250 77.0 019177 019328 gi|17 004916 005079 gi|23 
001964 88.9 019274 019552 gi|17 000001 000279 gi|103 
000874 75.5 000001 001116 gi|18 010138 011424 gi|80 
000422 72.2 000001 000611 gi|18 010372 011048 gi|80 
000406 77.6 000002 000496 gi|18 010610 011139 gi|80 
000295 73.9 000093 000002 gi|18 014428 014519 gi|64 
000295 77.0 000369 000174 gi|18 027564 027772 gi|42 
001225 74.3 000178 001098 gi|18 010092 011093 gi|80 
000364 77.8 000315 000190 gi|18 014428 014554 gi|64 
000308 78.9 000384 000205 gi|18 013888 014064 gi|64 
000336 76.7 000536 000408 gi|18 014429 014557 gi|64 
000652 74.0 000425 001115 gi|18 010118 010829 gi|80 
000393 77.2 000601 000837 gi|18 009703 009936 gi|80 
000389 69.9 000624 000829 gi|18 011142 011347 gi|80 
000387 75.5 000628 000839 gi|18 009373 009584 gi|80 
000623 78.1 000647 001111 gi|18 010118 010583 gi|80 
000362 78.4 000720 001062 gi|18 009232 009576 gi|80 
000270 79.6 000788 001110 gi|18 009659 009969 gi|80 
000316 81.2 000990 000831 gi|18 014428 014581 gi|64 
000353 75.1 000878 001078 gi|18 010118 010324 gi|80 
000303 77.4 001032 000878 gi|18 027576 027730 gi|42 
000252 80.5 000977 000896 gi|18 012260 012341 gi|64 
000530 86.8 007646 007751 gi|18 000206 000314 gi|58 
000452 93.9 007727 007646 gi|18 022521 022606 gi|113 
000633 74.4 010574 011260 gi|18 036301 036987 gi|50 
000251 79.3 010797 010663 gi|18 018343 018469 gi|112 
000594 74.9 017222 015630 gi|18 019167 020746 gi|54 
001086 73.2 015633 016948 gi|18 036112 037438 gi|64 
000353 83.2 025028 024677 gi|18 013011 013353 gi|98 
000344 76.1 027315 027912 gi|18 044098 044665 gi|79 
000257 76.7 030998 031143 gi|18 005213 005359 gi|102 
000320 76.5 004219 004609 gi|19 007919 008318 gi|75 
000446 80.3 000286 000211 gi|21 007936 008011 gi|57 
000303 77.3 000329 000211 gi|21 009356 009466 gi|120 
000352 76.4 000212 000283 gi|21 000533 000604 gi|100 
000270 76.8 000279 000224 gi|21 002217 002272 gi|118 
000281 80.2 000297 000422 gi|21 010099 010237 gi|59 
000252 76.2 002696 002821 gi|21 014692 014828 gi|71 
002296 77.2 011686 013732 gi|21 001903 003903 gi|125 
000643 76.2 012261 011694 gi|21 000001 000532 gi|81 
001058 74.9 012552 011723 gi|21 018184 018968 gi|59 
001382 75.3 013733 011984 gi|21 007741 009522 gi|78 
000848 72.5 013561 012071 gi|21 023276 024803 gi|36 
000370 75.2 012576 012230 gi|21 014743 015101 gi|114 
001021 77.2 013731 012290 gi|21 038460 039972 gi|65 
000519 76.1 013552 013001 gi|21 017183 017728 gi|59 
000554 75.3 013672 013142 gi|21 013594 014148 gi|114 
000593 80.9 014036 014218 gi|21 004206 004382 gi|125 
000254 75.0 014226 014095 gi|21 037963 038103 gi|65 
000413 80.2 014321 014110 gi|21 019490 019716 gi|67 
000398 77.1 014251 014121 gi|21 012981 013117 gi|114 
000260 78.4 015105 015004 gi|21 031426 031524 gi|114 
000382 100.0 000001 000042 gi|22 034315 034356 gi|123 
000286 73.7 000749 001323 gi|22 017327 017922 gi|110 
000269 83.4 007692 007842 gi|22 006722 006875 gi|77 
000461 81.1 011428 010864 gi|22 009416 009989 gi|89 
000375 75.1 010894 012203 gi|22 004583 005916 gi|71 
000386 76.2 011901 010898 gi|22 010904 011928 gi|44 
000284 88.0 014714 014988 gi|22 013131 013352 gi|98 
000275 77.2 015728 015850 gi|22 018314 018439 gi|98 
000304 81.5 018716 018807 gi|22 016561 016643 gi|73 
000253 84.9 019491 019280 gi|22 018697 018899 gi|43 
000295 76.3 019901 019784 gi|22 001893 002009 gi|25 
000313 73.4 020440 020148 gi|22 001290 001585 gi|25 
000263 71.1 027015 027104 gi|22 003615 003704 gi|71 
000270 76.8 028847 029472 gi|22 002542 003210 gi|106 
000267 84.3 030080 030168 gi|22 007081 007172 gi|114 
000662 75.9 032501 031519 gi|22 013116 014112 gi|36 
000257 78.6 000376 000218 gi|23 011722 011881 gi|58 
000261 80.7 002326 002444 gi|23 020237 020374 gi|123 
000329 75.6 003862 004205 gi|23 001054 001397 gi|64 
000545 78.5 005959 005709 gi|23 000240 000484 gi|27 
000928 77.0 011018 010199 gi|23 004376 005163 gi|58 
000269 86.0 014780 014886 gi|23 031610 031721 gi|94 
000260 76.8 016772 017557 gi|23 018379 019156 gi|123 
000441 73.6 017504 016794 gi|23 026774 027515 gi|109 
000758 78.0 018362 017576 gi|23 026036 026808 gi|109 
000689 79.0 017690 018331 gi|23 019178 019807 gi|123 
000254 76.2 021507 021399 gi|23 005029 005140 gi|34 
000281 80.8 021898 021852 gi|23 018369 018415 gi|98 
000270 83.3 030188 030271 gi|23 010423 010517 gi|120 
000258 78.5 035598 035918 gi|23 021284 021633 gi|106 
000254 79.7 013441 013553 gi|24 011760 011875 gi|89 
000483 69.3 014577 014301 gi|24 011471 011738 gi|114 
000978 73.7 018047 018324 gi|24 007719 007995 gi|119 
001075 97.3 000001 000146 gi|25 000001 000142 gi|104 
000827 98.1 000132 000029 gi|25 008849 008953 gi|27 
000270 82.9 000701 000550 gi|25 000585 000712 gi|82 
000762 77.4 000584 001219 gi|25 026499 027127 gi|112 
000265 81.4 000588 000872 gi|25 019965 020225 gi|114 
000470 82.6 000614 000906 gi|25 024942 025234 gi|80 
000322 80.4 000939 000644 gi|25 003613 003923 gi|59 
000266 78.3 000664 000880 gi|25 029154 029370 gi|112 
000314 76.4 000898 000704 gi|25 011029 011220 gi|39 
000288 75.0 000707 001230 gi|25 006835 007352 gi|100 
000309 74.2 001230 000747 gi|25 001132 001600 gi|102 
000266 79.4 000750 001186 gi|25 003211 003632 gi|92 
000266 83.1 000761 000884 gi|25 024899 025031 gi|63 
000397 82.9 001083 001240 gi|25 000176 000322 gi|105 
000254 76.1 001128 001198 gi|25 009290 009360 gi|31 
000268 84.8 001219 001154 gi|25 030829 030894 gi|106 
000301 76.1 001269 001649 gi|25 026468 026845 gi|112 
000331 79.8 001315 002033 gi|25 024925 025593 gi|80 
000416 80.4 001357 001596 gi|25 029129 029365 gi|112 
000331 80.5 001376 001668 gi|25 003119 003407 gi|92 
000279 85.1 001484 001577 gi|25 000128 000215 gi|48 
000279 78.0 001995 001513 gi|25 006244 006690 gi|73 
000367 76.6 001742 002010 gi|25 000093 000361 gi|70 
000281 79.2 001856 001961 gi|25 000196 000285 gi|105 
001246 75.9 002172 005266 gi|25 000413 003422 gi|70 
000257 82.8 002342 002209 gi|25 015622 015763 gi|107 
000302 78.3 009823 010016 gi|25 009780 009997 gi|79 
000255 79.5 011014 011135 gi|25 020163 020286 gi|113 
000258 79.0 011527 012268 gi|25 006588 007298 gi|100 
000253 74.7 012329 011686 gi|25 002614 003268 gi|75 
000250 80.5 013156 013080 gi|25 008854 008941 gi|47 
000276 77.1 016457 016340 gi|25 003816 003942 gi|26 
000253 92.5 020831 020739 gi|25 002712 002781 gi|46 
000250 87.5 025579 025682 gi|25 012040 012128 gi|115 
000525 77.6 030063 029270 gi|25 008296 009017 gi|50 
000270 80.2 029460 029360 gi|25 003154 003264 gi|90 
001006 78.2 038460 037525 gi|25 002545 003462 gi|75 
000261 83.7 037840 037694 gi|25 017594 017772 gi|88 
000251 86.0 037702 038030 gi|25 014945 015239 gi|67 
000344 78.3 037704 038375 gi|25 006685 007352 gi|100 
000366 75.7 038373 037765 gi|25 018782 019402 gi|112 
001113 100.0 000001 000127 gi|26 012223 012349 gi|58 
000795 68.9 005807 005419 gi|26 000773 001164 gi|29 
000688 76.5 005805 005530 gi|26 000526 000784 gi|29 
000259 79.2 012105 011952 gi|26 009904 010067 gi|109 
001048 100.0 000001 000127 gi|27 033884 034010 gi|85 
000268 85.5 007845 008023 gi|27 017447 017599 gi|73 
000816 100.0 008953 008857 gi|27 000029 000125 gi|104 
001160 75.7 008057 006785 gi|28 016783 018045 gi|100 
000319 76.0 009438 010042 gi|28 006021 006616 gi|30 
001448 73.8 011548 015020 gi|28 034844 038265 gi|73 
000399 73.2 013203 011557 gi|28 022361 023975 gi|31 
000268 83.0 011846 012145 gi|28 007263 007511 gi|44 
000425 75.5 011951 012950 gi|28 026441 027428 gi|53 
000402 72.6 013082 012437 gi|28 020686 021332 gi|31 
000343 74.7 012685 012544 gi|28 009248 009388 gi|31 
000494 75.9 013247 012550 gi|28 003011 003710 gi|123 
000263 77.9 012565 012668 gi|28 006267 006366 gi|73 
000404 72.9 012576 013199 gi|28 009840 010463 gi|44 
000309 72.7 012896 013166 gi|28 008259 008529 gi|44 
000638 74.9 015013 013331 gi|28 003054 004699 gi|123 
001466 73.8 014988 013360 gi|28 020589 022196 gi|31 
000290 73.7 014157 014767 gi|28 026844 027428 gi|53 
000270 75.4 014244 014796 gi|28 035705 036269 gi|73 
000676 75.2 014290 014995 gi|28 007845 008544 gi|44 
000408 74.4 014983 014360 gi|28 022396 023014 gi|31 
000274 71.9 014451 014363 gi|28 018134 018222 gi|70 
000873 74.9 014381 015018 gi|28 009840 010471 gi|44 
000366 76.7 014408 014973 gi|28 018842 019413 gi|112 
000357 74.4 015276 015861 gi|28 011714 012297 gi|111 
007424 83.7 019168 017970 gi|28 000001 001199 gi|44 
000271 80.0 001708 001469 gi|29 006596 006820 gi|123 
000267 80.0 001478 001577 gi|29 001444 001556 gi|33 
001987 97.4 003814 004046 gi|29 007892 008129 gi|105 
003512 77.5 001141 002249 gi|30 028944 030053 gi|73 
007183 80.4 005126 003549 gi|30 000002 001582 gi|78 
000360 75.2 006617 005777 gi|30 024604 025441 gi|53 
000262 79.6 010958 010861 gi|30 016434 016531 gi|85 
000275 87.2 007370 007408 gi|31 021175 021213 gi|54 
000614 74.7 007938 009370 gi|31 000976 002397 gi|100 
000257 77.0 008800 009260 gi|31 024969 025417 gi|80 
000270 80.9 009327 008951 gi|31 005632 006017 gi|73 
000280 74.4 009411 009279 gi|31 001113 001246 gi|102 
000496 76.4 021560 020513 gi|31 007587 008620 gi|44 
002282 74.8 024008 020529 gi|31 034831 038299 gi|73 
000890 73.8 020561 022168 gi|31 003055 004692 gi|123 
000617 74.9 021224 020583 gi|31 009806 010447 gi|44 
000272 77.2 021396 020635 gi|31 035651 036415 gi|73 
000259 82.6 020877 020763 gi|31 006579 006705 gi|73 
000603 71.9 021311 020782 gi|31 026915 027456 gi|53 
000323 79.0 021171 021077 gi|31 001187 001280 gi|102 
000348 72.4 023066 022354 gi|31 009768 010485 gi|44 
000567 71.1 023014 022402 gi|31 007915 008525 gi|44 
000364 74.1 022407 022661 gi|31 024942 025202 gi|80 
000267 78.3 022668 022439 gi|31 002490 002713 gi|124 
000356 75.5 022504 022658 gi|31 015458 015615 gi|122 
000970 73.2 022564 023090 gi|31 003257 003779 gi|123 
000769 75.2 023085 022583 gi|31 026960 027456 gi|53 
000272 87.1 023034 022950 gi|31 020256 020330 gi|117 
000329 80.0 023846 024060 gi|31 001670 001876 gi|67 
000908 89.0 027198 027352 gi|31 000024 000177 gi|99 
000298 78.4 027271 027198 gi|31 008134 008208 gi|57 
000397 80.9 027202 027290 gi|31 000404 000503 gi|99 
000375 76.6 027343 027207 gi|31 008218 008385 gi|57 
000848 89.7 027208 027392 gi|31 000115 000324 gi|99 
000285 72.1 027347 027208 gi|31 009382 009532 gi|120 
000336 73.3 027343 027209 gi|31 012664 012799 gi|107 
000368 75.9 027228 027360 gi|31 001283 001402 gi|96 
000728 95.2 027348 027245 gi|31 012849 012956 gi|107 
000255 77.8 002842 002994 gi|32 013477 013640 gi|65 
000453 75.0 003203 003845 gi|32 005476 006129 gi|97 
000301 80.2 003260 003421 gi|32 019334 019492 gi|74 
000256 80.9 004962 005076 gi|32 005141 005257 gi|47 
000317 78.0 006732 007036 gi|32 039404 039687 gi|36 
000293 84.6 006999 007186 gi|32 039773 039996 gi|36 
000377 76.1 007665 007949 gi|32 000051 000329 gi|54 
000254 78.8 016712 016350 gi|32 033438 033784 gi|45 
000433 75.1 017127 016473 gi|32 033407 034085 gi|45 
000280 75.0 017042 016506 gi|32 034378 034907 gi|45 
000590 75.4 017234 016602 gi|32 034528 035193 gi|45 
000259 71.3 016727 016634 gi|32 008588 008686 gi|71 
000506 74.5 016745 017355 gi|32 022801 023402 gi|44 
000755 75.3 017510 016797 gi|32 033455 034139 gi|45 
001692 75.4 018829 016985 gi|32 033436 035191 gi|45 
000493 78.0 017160 017532 gi|32 022799 023171 gi|44 
001327 72.5 018434 017548 gi|32 033452 034378 gi|45 
001054 81.1 018032 017588 gi|32 034372 034798 gi|45 
003357 83.4 018410 017638 gi|32 034372 035133 gi|45 
000730 73.9 018056 017701 gi|32 033452 033806 gi|45 
000872 73.3 017707 018456 gi|32 022793 023578 gi|44 
000277 73.6 017718 018073 gi|32 023210 023578 gi|44 
003936 80.7 018792 017957 gi|32 034371 035187 gi|45 
000929 73.9 018086 018829 gi|32 022796 023575 gi|44 
000680 77.1 018817 018177 gi|32 033849 034444 gi|45 
002948 84.7 018829 018334 gi|32 034696 035188 gi|45 
000707 75.2 018464 018818 gi|32 022796 023149 gi|44 
000256 83.0 018731 018679 gi|32 032965 033020 gi|49 
000823 89.4 018829 018707 gi|32 035074 035196 gi|45 
000351 77.7 002008 001861 gi|33 002694 002832 gi|79 
000872 76.4 004094 006005 gi|33 029632 031490 gi|46 
000283 77.4 005663 004502 gi|34 010809 011956 gi|65 
000571 78.0 004582 005440 gi|34 007379 008308 gi|42 
000497 80.0 004606 005210 gi|34 003247 003851 gi|97 
000334 74.9 004720 004974 gi|34 009166 009420 gi|99 
000290 79.8 005219 005575 gi|34 003923 004326 gi|97 
000255 83.6 005458 005337 gi|34 028456 028559 gi|85 
000285 86.4 008897 008839 gi|34 004935 004988 gi|51 
002419 88.4 000001 000363 gi|35 022448 022810 gi|74 
001184 93.9 000139 000286 gi|35 022679 022826 gi|74 
000406 92.7 000139 000193 gi|35 022772 022826 gi|74 
000320 84.5 000285 000228 gi|35 026107 026164 gi|118 
001109 80.4 000236 000459 gi|35 022590 022810 gi|74 
000313 80.0 000400 000321 gi|35 026088 026164 gi|118 
000332 70.4 000325 000459 gi|35 022586 022717 gi|74 
000352 77.5 000528 000418 gi|35 026060 026163 gi|118 
000480 69.3 002748 003128 gi|35 039617 039997 gi|94 
000323 73.9 003065 002748 gi|35 027942 028265 gi|54 
000409 73.8 003333 002761 gi|35 036395 036991 gi|79 
001784 77.0 004775 002880 gi|35 015974 017857 gi|40 
002063 99.2 005095 004859 gi|35 000956 001190 gi|96 
001177 95.7 000139 000001 gi|36 000001 000139 gi|73 
000297 74.9 006896 006594 gi|36 010906 011206 gi|110 
000328 87.7 009273 009168 gi|36 013247 013351 gi|98 
000250 92.6 010010 010090 gi|36 003727 003810 gi|43 
000261 87.6 016081 015985 gi|36 013075 013166 gi|110 
000405 79.0 021018 020315 gi|36 030268 031024 gi|46 
000869 78.8 021143 020319 gi|36 018712 019512 gi|50 
000275 85.3 021611 021753 gi|36 018549 018686 gi|67 
000251 75.5 022834 023340 gi|36 019865 020398 gi|67 
000347 81.3 023019 023216 gi|36 016090 016289 gi|70 
000250 73.9 023082 023192 gi|36 000181 000288 gi|108 
000265 78.7 023111 023218 gi|36 002456 002557 gi|105 
000250 85.3 023135 023236 gi|36 020744 020834 gi|59 
000621 76.8 023135 023941 gi|36 007841 008607 gi|78 
000703 74.1 024049 023146 gi|36 002960 003825 gi|125 
000331 74.7 023266 023348 gi|36 013722 013805 gi|114 
000708 76.8 023270 024947 gi|36 017167 018804 gi|59 
000397 75.7 024315 024861 gi|36 008959 009496 gi|78 
000500 74.9 025106 024319 gi|36 001931 002742 gi|125 
000364 77.8 024439 024609 gi|36 039854 040000 gi|65 
000311 77.1 031633 030849 gi|36 023425 024169 gi|64 
001312 75.9 034161 033404 gi|36 007287 008045 gi|80 
001017 76.7 033498 034094 gi|36 016875 017471 gi|64 
000545 73.1 033557 033857 gi|36 008178 008472 gi|97 
000816 78.0 033623 034112 gi|36 012942 013425 gi|39 
000531 79.3 033625 033841 gi|36 006548 006765 gi|46 
000585 73.4 036145 035473 gi|36 005947 006652 gi|80 
000342 76.2 035549 036241 gi|36 010935 011609 gi|97 
000325 74.8 035565 036234 gi|36 014441 015092 gi|39 
000485 75.1 035790 036230 gi|36 018561 018989 gi|64 
000317 71.4 035901 036152 gi|36 008113 008367 gi|46 
000258 82.0 035915 036031 gi|36 006145 006252 gi|49 
000287 82.4 001610 001463 gi|37 000015 000142 gi|57 
000764 87.7 001335 001448 gi|38 030006 030119 gi|49 
000253 80.7 001105 001363 gi|39 025335 025597 gi|54 
000301 75.9 002655 002187 gi|39 004389 004872 gi|106 
000285 76.0 011297 010660 gi|39 015374 015999 gi|122 
000348 80.7 011172 010671 gi|39 020108 020583 gi|114 
000327 78.9 010672 011325 gi|39 018782 019423 gi|112 
000495 79.1 011347 010708 gi|39 024905 025528 gi|80 
000413 79.9 011318 010716 gi|39 003092 003673 gi|123 
000290 76.4 011151 010732 gi|39 016760 017164 gi|70 
000306 81.4 010963 011198 gi|39 002403 002630 gi|124 
000343 77.5 011045 011342 gi|39 006592 006915 gi|73 
000460 78.9 012808 013286 gi|39 006413 006887 gi|46 
000509 81.8 012811 014083 gi|39 008116 009383 gi|97 
000737 76.8 013642 012939 gi|39 007134 007828 gi|80 
000776 74.0 012944 013447 gi|39 017002 017508 gi|64 
000253 77.0 014044 013823 gi|39 020495 020689 gi|43 
000469 79.0 014230 015124 gi|39 018112 019025 gi|64 
000337 79.2 014761 015115 gi|39 019332 019691 gi|53 
000262 77.2 017136 015666 gi|39 005385 006797 gi|81 
000251 86.7 016745 016842 gi|39 028185 028286 gi|88 
000253 78.3 025451 025185 gi|39 023717 023975 gi|107 
000251 84.8 025496 025541 gi|39 000001 000046 gi|106 
000250 81.6 000471 000396 gi|40 002579 002655 gi|59 
000257 78.6 005233 005094 gi|40 010887 011050 gi|111 
000259 78.9 006171 005921 gi|40 031045 031299 gi|107 
000283 71.5 017661 017804 gi|40 035025 035161 gi|79 
001185 86.9 027656 027891 gi|40 000001 000236 gi|93 
000946 79.6 008552 007378 gi|42 010808 011900 gi|65 
001976 79.5 007403 008551 gi|42 003247 004392 gi|97 
000668 75.7 007403 007936 gi|42 009031 009626 gi|99 
000601 78.8 019901 020452 gi|42 029560 030110 gi|94 
000257 75.9 031047 030932 gi|42 019185 019309 gi|88 
000261 75.2 002150 002536 gi|43 025958 026338 gi|46 
000255 89.0 006295 006439 gi|43 007690 007830 gi|58 
000599 75.9 008717 010395 gi|43 006547 008189 gi|50 
000347 80.1 016715 016264 gi|43 001351 001786 gi|52 
000284 77.7 016740 016440 gi|43 024322 024637 gi|64 
000257 77.6 016686 017171 gi|43 000019 000506 gi|57 
000347 69.8 007133 007549 gi|44 026242 026659 gi|53 
000816 76.0 008656 007280 gi|44 002958 004346 gi|123 
000581 72.9 007843 008607 gi|44 037543 038300 gi|73 
000820 75.1 007863 008344 gi|44 026978 027456 gi|53 
000278 76.8 008431 007902 gi|44 020053 020588 gi|114 
000397 76.4 007912 008432 gi|44 035836 036356 gi|73 
000447 76.5 008429 007927 gi|44 025036 025536 gi|80 
000340 73.2 008256 008498 gi|44 018312 018559 gi|112 
000263 76.2 008272 008380 gi|44 001920 002028 gi|68 
000297 75.3 009175 009547 gi|44 026416 026794 gi|53 
000954 75.9 010443 009756 gi|44 003072 003768 gi|123 
000607 73.2 009768 010193 gi|44 026979 027401 gi|53 
000702 72.6 009819 010471 gi|44 037611 038263 gi|73 
000345 75.4 009828 010441 gi|44 035847 036463 gi|73 
000273 79.1 010125 009829 gi|44 016923 017202 gi|70 
000529 76.2 023147 022800 gi|44 033452 033795 gi|45 
000684 76.0 023398 022803 gi|44 034498 035050 gi|45 
000461 78.8 023101 022805 gi|44 034378 034670 gi|45 
000689 74.7 023573 022810 gi|44 033435 034185 gi|45 
000611 74.6 023575 023064 gi|44 034696 035170 gi|45 
000329 76.3 023542 023197 gi|44 033870 034207 gi|45 
000501 88.5 012632 012709 gi|45 036776 036853 gi|65 
000279 86.1 013531 013424 gi|45 007119 007229 gi|71 
000263 77.7 022609 022507 gi|45 017629 017728 gi|49 
000268 79.1 031899 031989 gi|45 002748 002835 gi|46 
000259 83.5 032065 031975 gi|45 001694 001775 gi|104 
000612 75.9 006391 006797 gi|46 008084 008500 gi|97 
000293 75.3 006419 006790 gi|46 017195 017565 gi|110 
000477 75.9 006559 006906 gi|46 017013 017369 gi|64 
000653 76.8 007777 008458 gi|46 010954 011622 gi|97 
000476 79.2 007783 008465 gi|46 018336 019012 gi|64 
000251 76.7 019183 019328 gi|46 010317 010469 gi|102 
000556 76.5 019493 020315 gi|46 008168 008986 gi|88 
000512 80.2 020906 020478 gi|46 009801 010232 gi|65 
001031 72.5 029290 027993 gi|46 010027 011324 gi|121 
000370 74.9 028236 029283 gi|46 010986 012032 gi|100 
000639 77.0 028327 029301 gi|46 006965 007926 gi|92 
000301 76.4 029237 028378 gi|46 016152 017031 gi|121 
000390 72.6 028671 029264 gi|46 017357 017941 gi|50 
001835 92.8 000001 000236 gi|47 005064 005299 gi|76 
001050 87.3 000188 000360 gi|47 005017 005188 gi|76 
000254 80.0 007433 007582 gi|47 009627 009780 gi|97 
000368 83.3 014555 014472 gi|47 015068 015148 gi|72 
000410 85.7 014619 014536 gi|47 015068 015148 gi|72 
000426 100.0 014650 014600 gi|47 015098 015148 gi|72 
002090 76.7 000005 000776 gi|48 015387 016155 gi|122 
000366 74.8 000006 000599 gi|48 024969 025562 gi|80 
000448 73.7 001001 000040 gi|48 005866 006806 gi|73 
000622 74.5 000715 000054 gi|48 005455 006114 gi|73 
000274 74.1 000137 000545 gi|48 020128 020533 gi|114 
000274 76.7 000609 000150 gi|48 021714 022170 gi|85 
000443 71.4 000753 001360 gi|48 016290 016891 gi|122 
000611 84.9 021065 020914 gi|48 014574 014719 gi|63 
000332 81.5 016719 016477 gi|49 008688 008944 gi|89 
000252 78.2 020899 020593 gi|49 008479 008803 gi|79 
000294 80.4 027454 027292 gi|49 020421 020565 gi|80 
000263 78.2 028731 028808 gi|49 017362 017436 gi|79 
000255 84.1 039932 040164 gi|49 004775 004994 gi|55 
000393 77.1 003866 003466 gi|50 040163 040564 gi|107 
000270 76.5 007110 006784 gi|50 010897 011221 gi|110 
000336 73.0 012467 012205 gi|50 005747 006013 gi|98 
000582 75.5 016771 017927 gi|50 010871 012002 gi|100 
000579 77.1 017930 017240 gi|50 010058 010745 gi|121 
000293 76.9 018623 018416 gi|50 012417 012624 gi|71 
000335 75.5 026257 025891 gi|50 019015 019384 gi|112 
001762 87.9 000001 000248 gi|51 026381 026629 gi|111 
000467 95.3 000001 000064 gi|51 026567 026629 gi|111 
000430 65.7 000004 000146 gi|51 026477 026620 gi|111 
000927 68.6 000044 000330 gi|51 026334 026620 gi|111 
001670 83.5 000137 000433 gi|51 026335 026629 gi|111 
000731 72.4 000229 000500 gi|51 026334 026615 gi|111 
000340 71.1 000335 000469 gi|51 026346 026481 gi|111 
001727 74.8 004997 003990 gi|51 017321 018317 gi|67 
000849 75.4 008500 008747 gi|51 000161 000414 gi|75 
000561 85.0 008518 008624 gi|51 000352 000460 gi|75 
001056 83.5 008544 008731 gi|51 000093 000279 gi|75 
000504 76.8 008624 008748 gi|51 000001 000128 gi|75 
000257 79.6 002576 002307 gi|52 002591 002881 gi|74 
000787 91.3 003491 003366 gi|52 000001 000125 gi|77 
000341 87.5 003388 003451 gi|52 007809 007871 gi|57 
000845 98.9 000094 000001 gi|53 000125 000218 gi|83 
000278 79.6 005426 005567 gi|53 005918 006061 gi|93 
000284 72.8 019282 019700 gi|53 018606 019041 gi|64 
000252 68.3 022826 022904 gi|53 015412 015490 gi|80 
000274 79.9 023744 023332 gi|53 019218 019636 gi|80 
000287 81.3 026299 026603 gi|53 035099 035409 gi|73 
000253 86.8 026388 026531 gi|53 007473 007589 gi|102 
001201 75.1 027456 026419 gi|53 003276 004316 gi|123 
000288 70.2 027095 026868 gi|53 000238 000475 gi|105 
000617 73.9 026924 027456 gi|53 037508 038040 gi|73 
000436 75.8 026973 027456 gi|53 035779 036268 gi|73 
000285 78.4 027456 027003 gi|53 025124 025574 gi|80 
000320 76.4 027456 027008 gi|53 020149 020595 gi|114 
000284 77.1 027014 027192 gi|53 020258 020429 gi|117 
000302 78.1 027446 027374 gi|53 015550 015621 gi|122 
000256 81.4 008050 008226 gi|54 021900 022061 gi|65 
000507 78.3 009192 008497 gi|54 008207 008896 gi|88 
000258 81.1 011543 011306 gi|54 002272 002492 gi|124 
000254 77.9 011817 011741 gi|54 020201 020283 gi|122 
000513 78.6 012426 012762 gi|54 004086 004464 gi|63 
000262 83.5 013877 013973 gi|54 004664 004769 gi|94 
000369 81.4 018081 017905 gi|54 004527 004700 gi|67 
001026 74.1 020745 019431 gi|54 036110 037436 gi|64 
000645 76.6 023063 022761 gi|54 006538 006843 gi|89 
000514 75.7 024157 023616 gi|54 005483 006057 gi|89 
000707 77.3 027416 028252 gi|54 034455 035327 gi|79 
000254 79.8 029393 029290 gi|54 020567 020664 gi|123 
000304 77.1 029873 029990 gi|54 003571 003702 gi|104 
000336 78.6 030767 030161 gi|54 020135 020729 gi|80 
000744 83.4 031018 031486 gi|54 020158 020632 gi|109 
002117 89.0 000302 000002 gi|55 000012 000313 gi|122 
001583 89.5 000238 000002 gi|55 000323 000558 gi|122 
000311 71.3 000324 000894 gi|55 002587 003167 gi|68 
000284 74.8 006438 006328 gi|56 031550 031657 gi|123 
006471 85.0 008198 007064 gi|56 005872 007011 gi|79 
000471 79.0 008081 007778 gi|57 009259 009538 gi|71 
000304 79.2 008009 007938 gi|57 000534 000605 gi|100 
000369 80.8 008116 008276 gi|57 027745 027926 gi|87 
000361 81.2 008228 008133 gi|57 000001 000098 gi|99 
000252 75.6 008133 008210 gi|57 002208 002285 gi|118 
000803 82.3 008142 008389 gi|57 012577 012806 gi|107 
000262 77.2 008142 008198 gi|57 009476 009532 gi|120 
000266 81.6 008152 008276 gi|57 009396 009532 gi|120 
000304 81.4 008385 008219 gi|57 000033 000169 gi|99 
000263 74.0 008219 008534 gi|57 027771 028063 gi|87 
000369 81.2 008630 008503 gi|57 000298 000426 gi|99 
001030 100.0 000122 000001 gi|58 000001 000122 gi|80 
000658 88.3 000291 000035 gi|58 022521 022834 gi|113 
000358 72.4 001993 001421 gi|58 011263 011829 gi|88 
000258 80.1 003170 003340 gi|58 015107 015274 gi|67 
000334 76.6 000184 000044 gi|59 014797 014940 gi|117 
000310 70.0 000852 001158 gi|59 018273 018584 gi|117 
007535 75.5 001280 005154 gi|59 018269 022134 gi|117 
006322 76.4 005114 001317 gi|59 016426 020251 gi|70 
000398 78.1 003941 003258 gi|59 019958 020615 gi|114 
000422 73.9 003951 003263 gi|59 024928 025574 gi|80 
000961 75.5 004129 003268 gi|59 016401 017226 gi|70 
001115 77.5 003312 004099 gi|59 021329 022101 gi|117 
000367 74.2 003312 003777 gi|59 006278 006713 gi|73 
000312 77.3 003929 003312 gi|59 015370 015948 gi|122 
000271 78.6 003800 003628 gi|59 003207 003364 gi|92 
000411 75.4 003666 003860 gi|59 005923 006118 gi|73 
000252 72.6 003666 003913 gi|59 022075 022322 gi|85 
000285 78.4 003667 003925 gi|59 002972 003230 gi|75 
000301 74.1 004779 004271 gi|59 025105 025586 gi|80 
000367 76.9 004780 004296 gi|59 015520 015992 gi|122 
000484 75.6 005104 004322 gi|59 017428 018222 gi|70 
000321 75.4 004780 004325 gi|59 003256 003699 gi|123 
000623 74.1 004351 005092 gi|59 020299 021071 gi|117 
000428 79.7 004360 004773 gi|59 005623 006017 gi|73 
000355 76.8 004779 004366 gi|59 020130 020528 gi|114 
000267 78.0 010159 010101 gi|59 009476 009534 gi|120 
000254 80.4 010159 010104 gi|59 012666 012721 gi|107 
002619 73.3 018972 017183 gi|59 001918 003719 gi|125 
001659 74.5 017183 018931 gi|59 007947 009707 gi|78 
001445 75.5 017183 018435 gi|59 038665 039964 gi|65 
000279 79.0 017183 017239 gi|59 020342 020398 gi|67 
000927 73.4 017187 018948 gi|59 013745 015537 gi|114 
000724 79.7 018472 018958 gi|59 000001 000490 gi|81 
000287 75.2 024090 023865 gi|59 032004 032238 gi|85 
001177 100.0 029287 029161 gi|59 017578 017704 gi|71 
000264 82.8 003615 003713 gi|61 018145 018237 gi|81 
000267 79.6 003792 003933 gi|61 002693 002845 gi|105 
005978 89.7 000001 000818 gi|62 000342 001159 gi|113 
000514 79.1 002373 002721 gi|62 002344 002683 gi|78 
002504 78.6 001890 001039 gi|63 030897 031761 gi|98 
002549 79.1 003213 002223 gi|63 029772 030769 gi|98 
000263 82.3 012646 012713 gi|63 010467 010533 gi|85 
000252 80.7 024394 024276 gi|63 010506 010635 gi|118 
000254 81.0 025616 025522 gi|63 025310 025400 gi|87 
000411 75.7 033363 033839 gi|63 029398 029833 gi|64 
000255 77.6 000785 000985 gi|64 013097 013288 gi|74 
000279 75.5 012126 011935 gi|64 010576 010758 gi|80 
000279 72.5 012126 011967 gi|64 010099 010255 gi|80 
000261 84.2 012373 012254 gi|64 009732 009849 gi|80 
000307 75.8 014157 013766 gi|64 010762 011196 gi|80 
000260 75.6 014063 013855 gi|64 027579 027775 gi|117 
000258 78.2 014586 014256 gi|64 010795 011170 gi|80 
000254 86.5 014296 014369 gi|64 031206 031273 gi|79 
000357 72.7 014557 014430 gi|64 010098 010228 gi|80 
000259 85.7 014546 014491 gi|64 010583 010638 gi|80 
000869 75.6 016836 017910 gi|64 008084 009159 gi|97 
000922 76.8 017476 017002 gi|64 007352 007823 gi|80 
000712 78.6 018086 018991 gi|64 010686 011606 gi|97 
000252 84.7 018624 018553 gi|64 006222 006296 gi|89 
000581 79.7 019010 018696 gi|64 005845 006149 gi|80 
000378 77.7 030488 029308 gi|64 018006 019140 gi|113 
000417 75.2 036036 035626 gi|64 019611 020015 gi|113 
000264 87.3 000040 000094 gi|65 029392 029446 gi|100 
000711 75.9 000483 001412 gi|65 015766 016620 gi|81 
000728 78.4 011883 010802 gi|65 003237 004399 gi|97 
000269 73.2 010875 011878 gi|65 006643 007661 gi|105 
000302 78.2 012514 014646 gi|65 014490 016611 gi|100 
000277 79.7 018122 017995 gi|65 002249 002372 gi|107 
000265 84.2 018009 018103 gi|65 003771 003870 gi|125 
001544 76.9 039994 036973 gi|65 002464 005290 gi|125 
000562 75.3 037757 038190 gi|65 019397 019827 gi|67 
001743 75.2 037935 039996 gi|65 012978 015053 gi|114 
000389 75.9 037955 038170 gi|65 007249 007464 gi|78 
002234 73.9 038537 039996 gi|65 007837 009243 gi|78 
000346 88.2 038662 038712 gi|65 020339 020389 gi|67 
000273 75.4 003613 004018 gi|67 008897 009326 gi|74 
000381 79.4 011267 011707 gi|67 000687 001160 gi|124 
000270 84.6 012535 012612 gi|67 031910 031987 gi|79 
000259 80.0 016937 016868 gi|67 019781 019853 gi|107 
000667 74.1 018607 019842 gi|67 006245 007502 gi|78 
001352 78.3 018898 020084 gi|67 012304 013495 gi|114 
000403 81.5 019789 019569 gi|67 004202 004419 gi|125 
000375 83.3 020339 020398 gi|67 007944 008003 gi|78 
000286 76.7 020398 020339 gi|67 003663 003722 gi|125 
000251 75.5 020346 020398 gi|67 013745 013797 gi|114 
000282 76.9 000286 000196 gi|70 001193 001283 gi|102 
000258 74.0 003340 003508 gi|70 013910 014091 gi|122 
000252 73.0 003483 003362 gi|70 005544 005656 gi|74 
000512 77.1 016051 014723 gi|70 014791 016136 gi|117 
006577 75.8 020245 016361 gi|70 018312 022165 gi|117 
000303 75.3 016532 016956 gi|70 019910 020322 gi|114 
000633 75.4 017199 016550 gi|70 020276 020978 gi|117 
000279 71.2 017224 016614 gi|70 018782 019392 gi|112 
000251 76.2 016635 016975 gi|70 006782 007100 gi|100 
000402 73.7 016760 017242 gi|70 025104 025586 gi|80 
000308 77.9 017024 017231 gi|70 010463 010679 gi|87 
001021 76.3 018204 017428 gi|70 021329 022093 gi|117 
000371 74.4 017936 017722 gi|70 006527 006733 gi|73 
000298 73.2 017750 017846 gi|70 015521 015617 gi|122 
000300 84.2 018209 018090 gi|70 002715 002840 gi|84 
000271 78.3 018677 018879 gi|70 019619 019854 gi|113 
000251 84.2 019826 019663 gi|70 017288 017462 gi|110 
000866 76.8 000382 000003 gi|71 003870 004243 gi|78 
000554 73.6 000415 000003 gi|71 014486 014895 gi|100 
000595 79.9 000348 000006 gi|71 032521 032897 gi|98 
000525 74.1 002343 001402 gi|71 039647 040573 gi|79 
000307 75.0 003690 003615 gi|71 002208 002284 gi|118 
000266 79.8 003698 003615 gi|71 027757 027839 gi|87 
000329 79.5 005596 004591 gi|71 008955 009954 gi|89 
000254 79.3 011926 011816 gi|71 005131 005246 gi|72 
000252 81.8 017539 017386 gi|71 013177 013334 gi|121 
000273 72.3 010148 010302 gi|72 023077 023233 gi|106 
000254 76.9 000542 000632 gi|73 024968 025056 gi|100 
000357 73.7 006060 005601 gi|73 015487 015949 gi|122 
000251 89.9 005703 005635 gi|73 002041 002109 gi|111 
000363 73.8 006175 005638 gi|73 024956 025493 gi|80 
000266 77.8 005868 006029 gi|73 021607 021779 gi|117 
000267 79.3 006144 005918 gi|73 029148 029378 gi|112 
000683 75.0 006841 006127 gi|73 015388 016091 gi|122 
000270 74.6 006789 006203 gi|73 020046 020629 gi|114 
000591 76.7 006910 006241 gi|73 024906 025569 gi|80 
000250 80.1 006693 006272 gi|73 026700 027110 gi|112 
000273 74.3 006523 006693 gi|73 020573 020755 gi|117 
000251 73.1 006593 006793 gi|73 031109 031299 gi|106 
000292 79.6 006696 006599 gi|73 003247 003344 gi|92 
000327 81.2 010081 010229 gi|73 008966 009117 gi|104 
000481 77.3 035455 034944 gi|73 004086 004600 gi|123 
000583 75.5 036299 035888 gi|73 003245 003656 gi|123 
001609 76.7 038350 037523 gi|73 002973 003796 gi|123 
000274 82.2 038453 038581 gi|73 008430 008546 gi|87 
000259 81.7 010120 010234 gi|74 000623 000725 gi|125 
000695 76.1 019219 019938 gi|74 005419 006112 gi|97 
000326 87.9 022825 022768 gi|74 026107 026164 gi|118 
000408 78.7 003490 002680 gi|75 006494 007296 gi|100 
000299 81.2 010129 009986 gi|75 004806 004955 gi|107 
001379 83.5 012289 012017 gi|75 004735 004999 gi|84 
001092 83.7 012243 012017 gi|75 004670 004883 gi|84 
000361 74.6 012146 012017 gi|75 004646 004769 gi|84 
001205 83.9 012311 012095 gi|75 004827 005043 gi|84 
000365 80.8 012311 012208 gi|75 004943 005046 gi|84 
000261 78.2 001540 001663 gi|76 015780 015910 gi|94 
001220 77.1 003913 005983 gi|78 032531 034784 gi|98 
000892 78.8 003977 006002 gi|78 014623 016657 gi|100 
001279 77.8 005975 004307 gi|78 012073 013789 gi|99 
000575 76.2 006367 007454 gi|78 012128 013209 gi|114 
000482 79.9 007450 006749 gi|78 004200 004847 gi|125 
001500 78.7 008645 007807 gi|78 003030 003888 gi|125 
000995 72.9 007864 008779 gi|78 013622 014593 gi|114 
001142 75.2 009758 008875 gi|78 001911 002830 gi|125 
001012 73.8 008951 009741 gi|78 014761 015551 gi|114 
000571 69.7 009248 009822 gi|78 000001 000575 gi|81 
001737 77.0 001583 000484 gi|79 004654 005737 gi|98 
000261 74.2 001051 001593 gi|79 008194 008732 gi|87 
000302 75.3 002821 002530 gi|79 000175 000503 gi|113 
000258 78.3 031343 031206 gi|79 010213 010339 gi|103 
000304 86.4 031386 031218 gi|79 005391 005535 gi|102 
000289 77.4 032159 031727 gi|79 005001 005425 gi|102 
000309 74.8 032062 031845 gi|79 005246 005499 gi|102 
000293 78.3 032202 031857 gi|79 005082 005430 gi|102 
000289 83.0 032339 031945 gi|79 005227 005579 gi|102 
000256 80.0 032678 032238 gi|79 005123 005520 gi|102 
000289 80.5 032707 032544 gi|79 024136 024288 gi|109 
000303 79.2 035024 035317 gi|79 000822 001115 gi|96 
000365 72.4 035335 035028 gi|79 039622 039935 gi|94 
000397 76.5 036991 036613 gi|79 039630 039996 gi|94 
000671 74.2 040562 039497 gi|79 017320 018400 gi|88 
000252 93.8 042023 042103 gi|79 010433 010517 gi|109 
000289 89.8 000040 000088 gi|80 022787 022834 gi|113 
001100 72.9 004326 005178 gi|80 009651 010533 gi|82 
000497 75.3 006581 005779 gi|80 010888 011675 gi|97 
000795 78.0 007992 007343 gi|80 008080 008732 gi|97 
000260 82.0 008675 008493 gi|80 027110 027274 gi|107 
000265 85.0 009740 009886 gi|80 012346 012488 gi|88 
000971 75.3 024894 025553 gi|80 019916 020578 gi|114 
000338 76.2 025469 024920 gi|80 018875 019433 gi|112 
000339 76.3 024929 025562 gi|80 026512 027145 gi|112 
000253 76.7 025573 024938 gi|80 017942 018581 gi|112 
000328 78.6 025577 024938 gi|80 021711 022348 gi|85 
000452 76.8 024953 025499 gi|80 003111 003654 gi|123 
000411 77.4 024959 025569 gi|80 015378 015988 gi|122 
000363 79.0 025562 025024 gi|80 030820 031295 gi|106 
000283 77.1 025443 025104 gi|80 021415 021769 gi|117 
000852 76.1 000502 000006 gi|81 001926 002452 gi|125 
000591 73.6 000027 000481 gi|81 015084 015538 gi|114 
000250 83.5 009859 009961 gi|81 003897 004002 gi|123 
000265 80.8 014134 013963 gi|82 003979 004156 gi|89 
001184 91.2 015614 015398 gi|82 012416 012652 gi|89 
000611 85.5 015631 015398 gi|82 012338 012582 gi|89 
001511 97.4 015634 015440 gi|82 012466 012660 gi|89 
000876 93.6 015634 015510 gi|82 012536 012660 gi|89 
000473 100.0 015634 015580 gi|82 012606 012660 gi|89 
000268 78.6 005225 005142 gi|85 011121 011198 gi|94 
000351 78.1 008722 007901 gi|87 004654 005454 gi|98 
000344 78.8 008501 008167 gi|87 039105 039449 gi|98 
000484 75.8 013958 014718 gi|87 003256 004028 gi|105 
000328 77.7 015514 014996 gi|87 021446 021946 gi|110 
000332 75.7 021664 020946 gi|87 002706 003413 gi|88 
000352 80.7 027926 027756 gi|87 000034 000185 gi|99 
000283 77.2 027941 027758 gi|87 000104 000288 gi|99 
000315 75.3 027764 027840 gi|87 002209 002285 gi|118 
000310 81.2 027764 028050 gi|87 012735 012994 gi|107 
000295 76.8 027772 027926 gi|87 012577 012722 gi|107 
000262 72.0 028056 027871 gi|87 000108 000276 gi|99 
000468 72.2 029631 030381 gi|87 006981 007744 gi|117 
000499 76.5 028067 027532 gi|88 002801 003342 gi|106 
000470 74.2 006022 005779 gi|89 003982 004224 gi|97 
000273 78.4 006817 006466 gi|89 003243 003540 gi|97 
000259 78.0 001234 001067 gi|92 012157 012309 gi|113 
000265 76.9 003239 003649 gi|92 026689 027120 gi|112 
000300 85.9 003542 003711 gi|92 002298 002459 gi|100 
000250 82.1 006354 006487 gi|92 019551 019668 gi|113 
001503 73.7 007884 006587 gi|92 010054 011340 gi|121 
000253 74.5 007003 007893 gi|92 011130 012019 gi|100 
000420 70.3 009573 009801 gi|94 015889 016124 gi|114 
000269 79.3 025286 025205 gi|94 020303 020398 gi|107 
001190 100.0 000001 000127 gi|96 007139 007265 gi|101 
000586 85.2 001281 001395 gi|96 000051 000181 gi|99 
000287 74.5 001293 001394 gi|96 000178 000286 gi|99 
000289 77.7 001391 001298 gi|96 012848 012937 gi|107 
001046 82.6 000209 000032 gi|97 000069 000249 gi|123 
001063 91.3 000170 000033 gi|97 000001 000138 gi|123 
000935 81.2 000209 000045 gi|97 000179 000346 gi|123 
000481 76.4 000215 000072 gi|97 000287 000439 gi|123 
000259 75.3 003657 003232 gi|97 007235 007668 gi|105 
000561 77.6 003245 004205 gi|97 009029 009991 gi|99 
000255 80.0 007374 007285 gi|97 026358 026447 gi|118 
001167 80.0 016518 016169 gi|97 031323 031669 gi|100 
000648 81.6 003967 004587 gi|98 021320 021871 gi|106 
000267 82.5 023189 023127 gi|98 012990 013054 gi|120 
000341 78.9 032336 034139 gi|98 014363 016033 gi|100 
000757 79.8 034760 033008 gi|98 012089 013787 gi|99 
000388 80.6 038295 037920 gi|98 007987 008407 gi|118 
000323 82.3 002304 002461 gi|100 027033 027181 gi|112 
000254 76.7 003401 003559 gi|100 023663 023828 gi|118 
000435 74.0 012033 011073 gi|100 010031 010979 gi|121 
000457 74.2 012031 011238 gi|100 016101 016917 gi|121 
000263 81.9 023081 022988 gi|100 004647 004737 gi|121 
000301 75.3 000291 000013 gi|99 012559 012821 gi|107 
000358 76.7 000182 000033 gi|99 012562 012723 gi|107 
000257 76.9 000176 000034 gi|99 009391 009532 gi|120 
000343 76.1 000870 000071 gi|99 012186 012956 gi|107 
000721 100.0 000283 000207 gi|99 012848 012924 gi|107 
000265 72.4 000543 000410 gi|99 002135 002273 gi|118 
000264 69.2 001420 001731 gi|102 019080 019400 gi|112 
000262 73.9 001485 001760 gi|102 018324 018602 gi|112 
000259 84.0 007287 007392 gi|104 000928 001028 gi|120 
001211 78.1 008569 008045 gi|104 015887 016408 gi|123 
000256 70.0 008291 008523 gi|104 016988 017213 gi|123 
000995 96.2 011155 011285 gi|104 000001 000131 gi|120 
000252 82.3 000314 000236 gi|105 020260 020341 gi|117 
000276 78.4 002447 002534 gi|105 000195 000288 gi|108 
000267 77.9 004982 004231 gi|106 011036 011755 gi|113 
000253 79.0 004941 005078 gi|106 025391 025541 gi|109 
000260 86.4 013417 013504 gi|106 008506 008597 gi|109 
000256 75.2 030809 031408 gi|106 003089 003703 gi|124 
000276 76.8 031211 030811 gi|106 026700 027148 gi|112 
000263 80.4 031642 031932 gi|107 004255 004533 gi|113 
000252 80.8 032109 032249 gi|107 011368 011526 gi|117 
000409 78.6 040464 040222 gi|107 017993 018229 gi|123 
000254 83.3 041548 041625 gi|107 004763 004833 gi|111 
000934 78.4 027467 026086 gi|109 018404 019794 gi|123 
000428 89.5 026628 026694 gi|111 011714 011781 gi|121 
000320 76.8 018587 018260 gi|112 019958 020288 gi|114 
000302 73.4 018717 019273 gi|112 021222 021799 gi|117 
000266 78.9 029400 029159 gi|112 002463 002702 gi|124 
000420 74.7 013206 012994 gi|114 004197 004405 gi|125 
001415 75.8 015340 013706 gi|114 002148 003742 gi|125 
000465 79.4 019996 020586 gi|114 015390 015965 gi|122 
000291 74.3 020569 020041 gi|114 021314 021857 gi|117 
000255 82.7 014565 014662 gi|117 003771 003876 gi|125 
000328 83.4 020678 020876 gi|117 002505 002688 gi|124 
000324 73.3 021768 021305 gi|117 015521 015972 gi|122 
000258 84.0 005724 005644 gi|118 008435 008531 gi|123 
000316 71.2 015375 015617 gi|122 003114 003353 gi|123 
