
Tandem Repeats Finder, Version 4.09
Copyright (C) Dr. Gary Benson 1999-2012. All rights reserved.

Loading sequence...
Allocating Memory...
Initializing data structures...
Computing TR Model Statistics...
Scanning...
Freeing Memory...
Resolving output...
Done.deleting >R=0: 1 / 1

Tandem Repeats Finder, Version 4.09
Copyright (C) Dr. Gary Benson 1999-2012. All rights reserved.

Loading sequence...
Allocating Memory...
Initializing data structures...
Computing TR Model Statistics...
Scanning...
Freeing Memory...
Resolving output...
Done.deleting >R=1: 0.932584269662921 / 0.932584269662921

Tandem Repeats Finder, Version 4.09
Copyright (C) Dr. Gary Benson 1999-2012. All rights reserved.

Loading sequence...
Allocating Memory...
Initializing data structures...
Computing TR Model Statistics...
Scanning...
Freeing Memory...
Resolving output...
Done.
Tandem Repeats Finder, Version 4.09
Copyright (C) Dr. Gary Benson 1999-2012. All rights reserved.

Loading sequence...
Allocating Memory...
Initializing data structures...
Computing TR Model Statistics...
Scanning...
Freeing Memory...
Resolving output...
Done.
Tandem Repeats Finder, Version 4.09
Copyright (C) Dr. Gary Benson 1999-2012. All rights reserved.

Loading sequence...
Allocating Memory...
Initializing data structures...
Computing TR Model Statistics...
Scanning...
Freeing Memory...
Resolving output...
Done.
Tandem Repeats Finder, Version 4.09
Copyright (C) Dr. Gary Benson 1999-2012. All rights reserved.

Loading sequence...
Allocating Memory...
Initializing data structures...
Computing TR Model Statistics...
Scanning...
Freeing Memory...
Resolving output...
Done.
Tandem Repeats Finder, Version 4.09
Copyright (C) Dr. Gary Benson 1999-2012. All rights reserved.

Loading sequence...
Allocating Memory...
Initializing data structures...
Computing TR Model Statistics...
Scanning...
Freeing Memory...
Resolving output...
Done.2 deleted.  8 saved. 1 skipped for length.
