440 17.39 2.17 2.17 gi|1 8 99 (43262) R=2 1 92 (0)
572 13.04 1.09 1.09 gi|1 50 141 (43220) R=2 1 92 (0)
712 7.69 0.00 0.00 gi|1 92 182 (43179) R=2 1 91 (1)
587 10.00 0.00 9.89 gi|1 135 234 (43127) R=2 2 92 (0)
506 15.73 0.00 3.49 gi|190 414 502 (59) R=2 4 89 (3)
641 9.18 0.00 6.52 gi|190 456 553 (8) R=2 1 92 (0)
308 24.60 8.73 8.73 gi|192 16207 16332 (24271) R=3 2 127 (10)
869 11.36 0.76 0.76 gi|192 18228 18359 (22244) R=3 1 132 (5)
304 17.65 0.00 0.00 gi|192 19693 19743 (20860) R=6 1 51 (2)
724 0.00 0.00 0.00 gi|192 19843 19919 (20684) R=5 1 77 (0)
1094 7.30 0.00 0.00 gi|192 20319 20455 (20148) R=3 1 137 (0)
304 17.65 0.00 0.00 gi|192 21844 21894 (18709) R=6 1 51 (2)
724 0.00 0.00 0.00 gi|192 21994 22070 (18533) R=5 1 77 (0)
1079 8.03 0.00 0.00 gi|192 22329 22465 (18138) R=3 1 137 (0)
305 17.65 0.00 0.00 gi|192 23779 23829 (16774) R=6 1 51 (2)
724 0.00 0.00 0.00 gi|192 23929 24005 (16598) R=5 1 77 (0)
877 16.06 0.00 0.00 gi|192 24321 24457 (16146) R=3 1 137 (0)
496 0.00 0.00 0.00 gi|192 25771 25823 (14780) R=6 1 53 (0)
264 25.68 1.35 1.35 gi|192 25938 26011 (14592) R=5 3 76 (1)
709 16.91 1.47 1.47 gi|192 26341 26476 (14127) R=3 2 137 (0)
496 0.00 0.00 0.00 gi|192 27853 27905 (12698) R=6 1 53 (0)
257 26.67 1.33 1.33 gi|192 28020 28094 (12509) R=5 3 77 (0)
456 23.73 1.69 1.69 gi|192 28159 28276 (12327) R=3 20 137 (0)
496 0.00 0.00 0.00 gi|192 29728 29780 (10823) R=6 1 53 (0)
250 26.67 1.33 1.33 gi|192 29895 29969 (10634) R=5 3 77 (0)
587 23.36 1.46 1.46 gi|192 30204 30340 (10263) R=3 1 137 (0)
499 21.43 0.00 0.00 gi|192 32908 33005 (7598) R=3 2 99 (38)
422 19.74 0.00 0.00 gi|192 34983 35058 (5545) R=3 1 76 (61)
433 18.75 1.25 0.00 gi|192 36933 37012 (3591) R=3 1 81 (56)
274 21.43 0.00 0.00 gi|192 38842 38897 (1706) R=3 5 60 (77)
510 11.65 0.97 14.29 gi|272 39641 39743 (64) C R=2 (1) 91 1
480 10.09 0.92 20.88 gi|272 39689 39797 (10) C R=2 (1) 91 1
371 12.70 0.00 5.00 gi|39 728 790 (41769) R=2 33 92 (0)
659 8.24 0.00 0.00 gi|39 748 832 (41727) R=2 8 92 (0)
697 6.32 0.00 3.26 gi|39 783 877 (41682) R=2 1 92 (0)
647 11.96 0.00 0.00 gi|39 870 961 (41598) R=2 1 92 (0)
632 13.04 0.00 0.00 gi|39 912 1003 (41556) R=2 1 92 (0)
587 13.25 0.00 0.00 gi|39 955 1037 (41522) R=2 2 84 (8)
453 8.57 0.00 9.38 gi|39 997 1066 (41493) R=4 2 65 (0)
436 14.29 6.12 13.04 gi|39 1047 1144 (41415) R=2 1 92 (0)
660 11.96 0.00 0.00 gi|39 1095 1186 (41373) R=2 1 92 (0)
607 11.34 0.00 6.59 gi|39 1138 1234 (41325) R=2 2 92 (0)
569 10.68 0.00 13.19 gi|39 1180 1282 (41277) R=2 2 92 (0)
593 9.62 0.00 13.04 gi|39 1227 1330 (41229) R=2 1 92 (0)
590 4.31 0.00 26.09 gi|39 1275 1390 (41169) R=2 1 92 (0)
635 7.92 0.00 9.78 gi|39 1335 1435 (41124) R=2 1 92 (0)
578 10.58 0.00 13.04 gi|39 1428 1531 (41028) R=2 1 92 (0)
639 9.18 0.00 6.52 gi|39 1476 1573 (40986) R=2 1 92 (0)
620 11.58 0.00 3.26 gi|39 1524 1618 (40941) R=2 1 92 (0)
598 14.74 0.00 3.26 gi|39 1566 1660 (40899) R=2 1 92 (0)
734 8.70 0.00 0.00 gi|39 1611 1702 (40857) R=2 1 92 (0)
563 16.30 1.09 1.09 gi|39 1653 1744 (40815) R=2 1 92 (0)
633 10.99 1.10 1.10 gi|39 1695 1785 (40774) R=2 1 91 (1)
574 15.31 0.00 6.52 gi|39 1737 1834 (40725) R=2 1 92 (0)
662 13.04 0.00 0.00 gi|39 1785 1876 (40683) R=2 1 92 (0)
572 13.95 6.98 0.00 gi|39 1827 1912 (40647) R=2 1 92 (0)
400 16.87 2.41 2.41 gi|39 1902 1984 (40575) R=2 10 92 (0)
591 13.19 1.10 1.10 gi|39 1936 2026 (40533) R=2 2 92 (0)
642 14.13 0.00 0.00 gi|39 1977 2068 (40491) R=2 1 92 (0)
606 15.56 0.00 0.00 gi|39 2020 2109 (40450) R=2 2 91 (1)
495 14.85 0.00 9.78 gi|39 2061 2161 (40398) R=2 1 92 (0)
518 6.15 0.00 0.00 gi|39 2109 2173 (40386) R=4 1 65 (0)
527 13.04 3.26 3.26 gi|39 2154 2245 (40314) R=2 1 92 (0)
340 15.25 10.17 0.00 gi|39 2199 2257 (40302) R=4 1 65 (0)
602 14.13 0.00 0.00 gi|39 2238 2329 (40230) R=2 1 92 (0)
451 21.69 0.00 0.00 gi|39 2280 2362 (40197) R=2 1 83 (9)
529 12.62 0.00 13.19 gi|39 2638 2740 (39819) R=2 2 92 (0)
557 16.84 0.00 3.26 gi|39 2691 2785 (39774) R=2 1 92 (0)
544 17.89 0.00 3.26 gi|39 2733 2827 (39732) R=2 1 92 (0)
685 10.87 0.00 0.00 gi|39 2778 2869 (39690) R=2 1 92 (0)
590 18.48 0.00 0.00 gi|39 2820 2911 (39648) R=2 1 92 (0)
690 9.89 0.00 0.00 gi|39 2863 2953 (39606) R=2 2 92 (0)
619 8.65 0.00 13.04 gi|39 2904 3007 (39552) R=2 1 92 (0)
629 5.61 0.00 16.30 gi|39 2958 3064 (39495) R=2 1 92 (0)
570 10.89 0.00 9.78 gi|39 3057 3157 (39402) R=2 1 92 (0)
640 10.31 0.00 6.59 gi|39 3102 3198 (39361) R=2 1 91 (1)
589 13.27 0.00 6.52 gi|39 3150 3247 (39312) R=2 1 92 (0)
591 12.63 0.00 3.26 gi|39 3198 3292 (39267) R=2 1 92 (0)
571 10.89 0.00 9.78 gi|39 3285 3385 (39174) R=2 1 92 (0)
518 10.89 0.99 10.87 gi|39 3330 3430 (39129) R=2 1 92 (0)
591 13.27 0.00 6.52 gi|39 3423 3520 (39039) R=2 1 92 (0)
703 10.87 0.00 0.00 gi|39 3471 3562 (38997) R=2 1 92 (0)
572 13.95 6.98 0.00 gi|39 3513 3598 (38961) R=2 1 92 (0)
400 16.87 2.41 2.41 gi|39 3588 3670 (38889) R=2 10 92 (0)
648 9.89 1.10 1.10 gi|39 3622 3712 (38847) R=2 2 92 (0)
758 7.61 0.00 0.00 gi|39 3663 3754 (38805) R=2 1 92 (0)
789 4.35 0.00 0.00 gi|39 3705 3796 (38763) R=2 1 92 (0)
692 9.78 0.00 0.00 gi|39 3747 3838 (38721) R=2 1 92 (0)
570 14.13 1.09 1.09 gi|39 3789 3880 (38679) R=2 1 92 (0)
638 9.89 1.10 1.10 gi|39 3832 3922 (38637) R=2 2 92 (0)
716 9.89 0.00 0.00 gi|39 3874 3964 (38595) R=2 2 92 (0)
756 6.52 0.00 0.00 gi|39 3915 4006 (38553) R=2 1 92 (0)
651 10.99 0.00 0.00 gi|39 3957 4047 (38512) R=2 1 91 (1)
539 12.24 1.02 7.61 gi|39 3999 4096 (38463) R=2 1 92 (0)
559 14.74 0.00 3.26 gi|39 4047 4141 (38418) R=2 1 92 (0)
565 3.08 0.00 0.00 gi|39 4089 4153 (38406) R=4 1 65 (0)
344 15.71 15.71 0.00 gi|39 4134 4203 (38356) R=2 1 81 (11)
271 16.88 0.00 18.46 gi|4 16429 16505 (3255) C R=2 (24) 68 4
281 16.83 2.97 20.93 gi|4 16450 16550 (3210) C R=2 (3) 89 4
304 20.48 4.82 3.57 gi|4 16551 16633 (3127) C R=2 (8) 84 1
338 12.50 1.14 17.11 gi|4 16582 16669 (3091) C R=2 (1) 91 16
316 10.34 1.15 18.92 gi|4 16668 16754 (3006) C R=2 (15) 77 4
379 14.43 4.12 10.99 gi|4 16700 16796 (2964) C R=2 (1) 91 1
349 7.37 1.05 29.73 gi|4 16757 16851 (2909) C R=2 (10) 82 9
330 16.09 3.45 11.11 gi|4 16809 16895 (2865) C R=2 (8) 84 4
299 22.37 3.95 3.95 gi|4 16847 16922 (2838) C R=2 (1) 91 16
285 22.62 2.38 6.17 gi|4 16962 17045 (2715) C R=2 (11) 81 1
255 12.61 0.84 31.87 gi|4 17045 17163 (2597) C R=2 (1) 91 1
410 17.07 0.00 7.89 gi|4 17123 17204 (2556) C R=2 (15) 77 2
317 17.72 0.00 12.86 gi|4 17156 17234 (2526) C R=2 (0) 92 23
288 15.19 22.78 6.59 gi|4 17571 17649 (2111) C R=2 (1) 91 1
284 13.54 0.00 28.00 gi|4 17617 17712 (2048) C R=2 (17) 75 1
