000255 77.5 017585 017922 gi|1 015058 015381 gi|227 
000262 76.1 018026 018188 gi|1 015356 015532 gi|227 
000381 77.4 018311 018047 gi|1 022695 022943 gi|135 
000282 74.8 018166 018068 gi|1 002086 002184 gi|147 
000549 100.0 000001 000062 gi|2 021932 021993 gi|259 
000465 100.0 000001 000054 gi|2 003371 003424 gi|233 
000283 97.5 000001 000040 gi|2 003302 003339 gi|233 
000408 100.0 000047 000001 gi|2 000001 000047 gi|36 
000290 100.0 006256 006286 gi|2 000001 000031 gi|189 
000263 100.0 006286 006259 gi|2 034267 034294 gi|209 
001166 97.3 000001 000148 gi|4 033233 033380 gi|62 
000967 89.1 000036 000265 gi|4 033113 033325 gi|62 
000394 80.4 000077 000577 gi|4 032663 033125 gi|62 
000447 82.5 000087 000206 gi|4 033048 033169 gi|62 
000280 83.8 000244 000397 gi|4 032922 033055 gi|62 
003606 80.3 012211 011008 gi|4 000001 001202 gi|58 
005663 86.3 011114 012387 gi|4 000102 001417 gi|258 
000586 83.3 012213 012398 gi|4 001413 001606 gi|258 
014257 89.1 012292 014662 gi|4 001708 004085 gi|258 
008424 81.2 016385 012364 gi|4 004163 008087 gi|39 
000252 89.4 016106 016190 gi|4 039362 039437 gi|272 
000252 85.7 017012 017060 gi|4 032797 032850 gi|133 
000602 80.2 017752 018195 gi|4 000113 000538 gi|173 
000457 81.7 018167 017759 gi|4 000013 000454 gi|39 
001987 83.5 018442 017848 gi|4 000005 000644 gi|39 
000782 81.9 018131 018467 gi|4 000236 000594 gi|173 
000629 79.7 018421 018151 gi|4 000308 000592 gi|39 
002714 88.5 018579 019402 gi|4 000097 000831 gi|173 
000769 80.0 019062 018728 gi|4 000299 000628 gi|39 
000867 81.9 019070 018761 gi|4 000004 000320 gi|39 
000251 85.7 019117 019048 gi|4 000044 000107 gi|287 
000251 85.7 019117 019048 gi|4 000263 000326 gi|287 
000376 90.1 019337 019447 gi|4 000001 000099 gi|173 
000787 89.6 019394 019604 gi|4 000001 000201 gi|173 
000571 100.0 000001 000061 gi|5 029656 029716 gi|128 
000504 100.0 004532 004585 gi|5 000001 000054 gi|87 
000375 80.2 031939 032034 gi|7 004713 004807 gi|206 
000256 90.4 013309 013360 gi|8 002684 002740 gi|31 
000259 79.4 028778 028478 gi|8 026720 027013 gi|204 
000323 72.7 028789 028545 gi|8 012320 012559 gi|189 
000330 69.6 028558 028784 gi|8 010762 010986 gi|129 
000562 78.3 028857 028567 gi|8 038072 038359 gi|73 
000322 77.3 028790 028588 gi|8 001374 001577 gi|155 
000307 77.1 028855 028590 gi|8 010846 011111 gi|108 
000318 76.7 028853 028596 gi|8 000367 000624 gi|226 
000261 88.7 030074 030022 gi|8 000300 000349 gi|155 
000346 71.5 036970 037225 gi|8 032440 032694 gi|121 
000284 79.1 037049 037182 gi|8 007732 007862 gi|151 
000305 74.2 037358 037667 gi|8 032923 033229 gi|121 
000702 74.3 000614 000001 gi|11 018019 018656 gi|124 
000617 73.4 000582 000001 gi|11 023883 024494 gi|124 
000549 100.0 000001 000059 gi|11 001463 001521 gi|57 
000457 73.2 000638 000001 gi|11 001137 001780 gi|81 
000397 98.2 000639 000586 gi|11 000906 000959 gi|59 
000381 98.1 000588 000639 gi|11 000001 000052 gi|134 
001414 100.0 000793 000630 gi|11 001013 001176 gi|200 
000318 100.0 000630 000670 gi|11 004012 004052 gi|200 
000484 72.3 000294 000868 gi|12 020306 020916 gi|108 
000263 74.5 001365 001693 gi|12 021284 021615 gi|108 
000347 77.4 020608 020691 gi|12 023955 024040 gi|215 
000309 78.9 020608 020820 gi|12 021904 022093 gi|218 
000299 82.7 026324 026450 gi|12 032485 032608 gi|26 
001040 71.3 028656 027828 gi|12 015970 016794 gi|110 
000265 68.8 027876 027984 gi|12 012278 012386 gi|152 
000256 74.4 028817 028611 gi|12 027436 027644 gi|187 
000654 75.7 030115 030485 gi|12 020432 020782 gi|74 
000253 72.1 030354 030115 gi|12 021468 021716 gi|215 
000408 76.5 030116 030362 gi|12 002936 003197 gi|121 
000308 78.1 030119 030351 gi|12 003562 003804 gi|181 
000299 77.4 036138 035918 gi|12 032472 032692 gi|235 
000429 84.8 035929 036027 gi|12 023736 023838 gi|247 
000253 76.5 036131 035932 gi|12 007685 007888 gi|21 
000356 77.8 036862 036557 gi|12 038994 039293 gi|111 
000421 77.0 036841 036703 gi|12 031827 031964 gi|235 
000266 69.2 036851 036706 gi|12 009840 009985 gi|127 
000323 72.8 036712 036965 gi|12 024771 025027 gi|247 
000441 76.0 008827 009566 gi|13 025393 026174 gi|141 
000264 78.9 008839 009284 gi|13 012064 012506 gi|160 
000268 72.3 019182 019282 gi|13 047815 047915 gi|48 
000949 76.8 028705 028279 gi|13 041499 041927 gi|14 
000263 81.3 005221 005295 gi|14 020588 020667 gi|50 
000802 74.2 009727 009081 gi|14 022922 023568 gi|261 
000741 69.6 009689 009107 gi|14 027564 028142 gi|209 
000837 71.9 009131 009820 gi|14 034827 035514 gi|252 
000918 73.1 009143 009970 gi|14 015991 016790 gi|165 
000938 73.0 009155 009984 gi|14 001006 001853 gi|27 
000261 72.0 009633 009167 gi|14 018620 019084 gi|21 
000368 66.4 009305 009172 gi|14 047817 047950 gi|48 
000265 72.1 009293 009226 gi|14 019803 019870 gi|21 
000338 74.4 009802 009405 gi|14 020186 020601 gi|148 
000263 88.0 015356 015430 gi|14 011033 011117 gi|47 
000271 74.6 006481 006606 gi|15 033830 033958 gi|32 
000280 70.2 006610 006527 gi|15 010421 010504 gi|42 
000422 75.0 006529 006828 gi|15 012192 012475 gi|250 
000290 72.6 030199 029923 gi|15 019946 020219 gi|209 
000258 70.7 030674 031031 gi|15 038207 038563 gi|230 
000282 73.1 005890 006112 gi|16 027152 027370 gi|282 
000388 73.2 012100 012666 gi|16 034206 034791 gi|195 
000284 73.8 012459 012641 gi|16 032628 032811 gi|219 
026101 76.9 006563 000001 gi|18 011980 018604 gi|262 
000268 85.9 015115 015206 gi|19 021315 021402 gi|120 
000328 74.0 038044 038359 gi|19 029760 030083 gi|80 
000369 77.9 038080 038301 gi|19 028249 028473 gi|180 
000350 78.8 038544 038408 gi|19 001296 001432 gi|244 
000257 70.7 008171 008286 gi|20 018246 018364 gi|54 
000261 75.7 015450 015585 gi|20 011492 011623 gi|164 
000305 76.9 015819 015909 gi|20 011823 011912 gi|164 
000254 79.5 015915 015838 gi|20 016499 016578 gi|195 
000316 80.6 015913 015847 gi|20 016148 016214 gi|54 
000317 83.6 015920 015848 gi|20 034990 035058 gi|75 
000483 100.0 032786 032843 gi|20 000001 000058 gi|177 
000251 75.5 007695 007939 gi|21 039767 039998 gi|111 
000260 76.0 007887 008220 gi|21 000016 000355 gi|151 
000430 74.8 018556 019031 gi|21 020303 020795 gi|148 
000301 70.7 019112 018564 gi|21 034815 035387 gi|252 
000360 74.9 019112 018568 gi|21 000989 001536 gi|27 
000559 71.5 018597 019115 gi|21 047475 048001 gi|48 
000306 68.1 018610 019133 gi|21 046660 047186 gi|48 
000298 72.8 018620 019035 gi|21 027620 028038 gi|209 
000251 71.5 019082 018620 gi|21 016007 016478 gi|165 
000263 71.7 018620 019061 gi|21 023016 023460 gi|261 
000460 72.5 019201 018649 gi|21 029848 030394 gi|241 
000252 76.9 019276 019526 gi|21 047362 047609 gi|48 
000255 73.8 019791 019870 gi|21 027945 028027 gi|209 
000257 79.7 019796 019854 gi|21 023344 023407 gi|261 
000285 74.2 019902 019810 gi|21 016042 016134 gi|165 
000286 79.9 037043 037256 gi|21 036994 037202 gi|282 
000267 75.6 037106 037191 gi|21 019855 019941 gi|151 
000273 77.1 037218 037123 gi|21 011594 011689 gi|231 
000379 73.2 008307 008151 gi|22 030896 031048 gi|113 
000412 76.6 008335 008178 gi|22 035869 036026 gi|166 
000748 71.2 010256 009892 gi|22 029906 030269 gi|113 
000390 67.6 010073 009892 gi|22 035139 035320 gi|166 
000251 88.2 010867 010817 gi|22 033688 033738 gi|166 
000496 76.1 011243 010976 gi|22 033066 033336 gi|166 
000593 75.9 011576 011088 gi|22 028537 029028 gi|113 
000263 74.8 035681 035966 gi|22 030170 030467 gi|31 
000319 72.5 036931 037454 gi|22 004059 004554 gi|85 
000294 71.7 037582 036939 gi|22 014898 015525 gi|227 
000263 67.5 037030 037189 gi|22 037619 037790 gi|230 
000289 76.9 037096 037173 gi|22 026325 026402 gi|102 
000258 79.4 037125 037187 gi|22 009278 009340 gi|197 
000283 76.3 037140 037535 gi|22 032530 032887 gi|26 
000268 80.1 037310 037150 gi|22 035336 035481 gi|75 
000258 74.2 037150 037296 gi|22 007470 007608 gi|94 
035060 86.7 001078 006365 gi|24 000001 005274 gi|51 
000267 69.8 003833 003642 gi|24 008938 009129 gi|161 
000327 78.6 004802 004974 gi|24 001815 001988 gi|51 
000370 81.8 004998 004900 gi|24 007604 007703 gi|161 
000258 81.3 005373 005267 gi|24 026080 026184 gi|88 
001106 75.0 006093 005291 gi|24 006636 007432 gi|161 
000428 78.4 019328 019489 gi|24 008747 008902 gi|201 
000462 76.3 019334 019510 gi|24 038303 038482 gi|164 
000407 71.8 019362 019517 gi|24 036157 036303 gi|204 
000453 78.3 019480 019375 gi|24 033868 033971 gi|247 
000844 72.5 000552 001332 gi|25 001406 002192 gi|176 
000627 77.7 004315 003832 gi|25 019670 020132 gi|246 
000272 80.8 000249 000409 gi|26 002462 002619 gi|255 
000254 69.2 000279 000395 gi|26 001355 001468 gi|255 
000277 73.0 000282 000418 gi|26 002699 002834 gi|255 
000295 74.1 032193 032771 gi|26 003936 004514 gi|85 
000257 76.8 032346 032612 gi|26 026187 026462 gi|102 
000274 81.2 032529 032608 gi|26 007461 007549 gi|94 
000311 79.1 032539 032792 gi|26 007796 008037 gi|151 
001103 73.6 001495 000916 gi|27 023005 023583 gi|261 
001119 73.8 000924 001700 gi|27 015921 016693 gi|165 
000927 71.6 001648 000962 gi|27 027453 028142 gi|209 
000277 72.2 001704 000965 gi|27 047260 048011 gi|48 
000964 76.0 000992 001732 gi|27 034837 035574 gi|252 
000336 71.5 001545 001058 gi|27 020306 020800 gi|148 
000386 79.8 001097 001546 gi|27 030045 030485 gi|241 
000252 74.5 001099 001153 gi|27 020738 020792 gi|111 
000271 72.7 017888 017596 gi|27 006481 006770 gi|91 
000366 75.5 018263 018113 gi|27 006025 006175 gi|91 
000328 78.8 018137 018249 gi|27 015897 016011 gi|206 
000253 70.9 018303 018225 gi|27 006089 006169 gi|160 
000297 77.8 000203 000319 gi|29 026292 026411 gi|192 
000312 72.6 000211 000316 gi|29 032871 032975 gi|192 
000395 80.7 000213 000326 gi|29 038803 038913 gi|192 
000319 71.6 000213 000321 gi|29 018193 018301 gi|192 
000276 70.1 000213 000319 gi|29 030169 030275 gi|192 
000286 73.6 000234 000320 gi|29 024313 024393 gi|192 
000308 77.8 000246 000308 gi|29 016204 016266 gi|192 
000371 71.3 000249 000673 gi|29 022330 022774 gi|192 
000324 74.5 000464 000612 gi|29 016398 016559 gi|192 
000295 74.2 000865 001015 gi|29 028829 028979 gi|192 
000272 77.5 000918 001015 gi|29 039438 039533 gi|192 
000357 73.4 001872 002153 gi|29 025641 025944 gi|192 
000403 71.8 001898 002230 gi|29 032346 032694 gi|192 
000297 74.1 001899 002153 gi|29 029626 029901 gi|192 
000369 76.0 001931 002188 gi|29 019626 019886 gi|192 
000319 76.5 001943 002507 gi|29 036348 036990 gi|192 
000431 74.6 001945 002507 gi|29 021791 022386 gi|192 
000464 75.7 001960 002366 gi|29 023744 024166 gi|192 
000267 75.0 002010 002153 gi|29 027865 028026 gi|192 
000552 74.8 002017 002511 gi|29 038414 038901 gi|192 
000300 75.9 002396 002507 gi|29 024270 024378 gi|192 
000319 78.5 002398 002513 gi|29 026291 026403 gi|192 
000296 75.8 002413 002507 gi|29 030167 030261 gi|192 
000261 75.6 002418 002507 gi|29 020287 020376 gi|192 
000398 81.8 002451 002725 gi|29 034984 035258 gi|192 
000304 79.0 002451 002507 gi|29 032908 032964 gi|192 
000270 77.0 002451 002524 gi|29 018229 018299 gi|192 
002473 77.8 030875 031410 gi|29 038558 039093 gi|183 
000389 80.8 030922 031276 gi|29 027353 027707 gi|48 
000284 74.7 032088 032166 gi|29 016002 016080 gi|246 
000465 87.3 032168 032090 gi|29 035690 035771 gi|137 
000298 73.6 035517 035059 gi|29 018047 018472 gi|50 
006331 84.8 031895 030927 gi|32 000008 000976 gi|213 
031948 79.8 040375 032916 gi|32 004003 011467 gi|42 
000865 74.0 034418 033453 gi|32 019899 020846 gi|232 
001148 75.0 035000 033635 gi|32 021433 022868 gi|207 
000923 73.5 033750 034962 gi|32 012063 013259 gi|250 
000362 74.4 034082 033821 gi|32 027040 027298 gi|198 
000320 76.8 034902 034424 gi|32 026106 026617 gi|198 
000357 79.1 034442 034786 gi|32 007062 007445 gi|160 
000597 77.6 034921 034525 gi|32 019162 019562 gi|232 
000400 75.8 005932 006187 gi|33 020116 020381 gi|178 
000349 72.6 013600 013335 gi|33 029861 030117 gi|141 
000280 80.9 013420 013353 gi|33 021791 021855 gi|113 
000658 73.9 038193 038962 gi|33 002453 003198 gi|222 
000552 100.0 001885 001946 gi|34 000001 000062 gi|288 
000262 85.9 000093 000163 gi|35 030093 030164 gi|110 
000372 78.3 001338 001247 gi|35 034310 034400 gi|133 
000555 95.6 000068 000001 gi|36 003350 003417 gi|233 
000520 90.8 000076 000001 gi|36 021902 021978 gi|259 
000443 95.1 000068 000008 gi|36 003281 003339 gi|233 
000276 76.0 010835 010498 gi|36 022880 023219 gi|254 
000391 72.0 020755 021033 gi|36 026230 026506 gi|211 
000316 81.5 029007 029260 gi|36 008433 008716 gi|278 
000941 72.5 032207 031689 gi|36 028788 029311 gi|139 
000773 76.2 031752 032091 gi|36 007547 007886 gi|209 
000682 73.8 032264 031757 gi|36 039333 039840 gi|60 
000563 69.3 031829 032095 gi|36 021847 022116 gi|227 
000511 73.9 031843 032259 gi|36 036877 037294 gi|157 
000267 70.6 034518 034301 gi|36 026185 026402 gi|102 
000268 73.5 038661 038860 gi|36 008864 009052 gi|86 
000255 75.6 039551 039808 gi|36 026771 027025 gi|256 
000341 72.1 011355 011759 gi|38 035503 035901 gi|260 
000948 86.5 000550 000004 gi|39 000012 000558 gi|173 
001079 84.6 000622 000299 gi|39 000222 000550 gi|173 
000288 79.3 000752 000695 gi|39 000188 000245 gi|173 
001783 88.3 002346 002636 gi|39 000123 000410 gi|190 
001118 82.4 004511 004216 gi|39 039346 039640 gi|272 
004106 76.3 008294 005866 gi|39 001593 004085 gi|258 
000313 73.9 015865 015732 gi|40 004401 004528 gi|85 
000354 79.2 015872 015748 gi|40 021575 021701 gi|47 
000252 75.9 035002 034920 gi|40 025045 025127 gi|232 
000516 100.0 000001 000055 gi|41 002796 002850 gi|109 
000277 76.2 022008 022242 gi|41 004506 004740 gi|78 
000329 82.9 026628 026732 gi|41 033867 033968 gi|247 
020023 82.8 004007 000008 gi|42 000004 004026 gi|260 
000616 77.9 009461 009835 gi|42 019162 019539 gi|232 
000821 73.5 010934 009477 gi|42 011762 013204 gi|250 
000313 79.0 009480 009875 gi|42 026105 026533 gi|198 
001257 74.7 009487 010938 gi|42 021529 023061 gi|207 
000389 79.1 009941 009597 gi|42 007062 007445 gi|160 
001071 75.1 009967 010953 gi|42 019901 020868 gi|232 
000329 77.4 010301 010561 gi|42 027040 027297 gi|198 
000515 75.5 003783 004173 gi|44 003612 004005 gi|277 
000334 76.0 004013 003868 gi|44 021516 021668 gi|141 
000369 78.3 003874 004122 gi|44 011936 012184 gi|49 
000284 77.2 020676 020563 gi|44 022667 022779 gi|239 
000282 90.0 020852 020891 gi|44 017112 017150 gi|218 
000291 75.3 021558 021235 gi|44 033923 034246 gi|48 
000269 72.1 021317 021538 gi|44 021847 022062 gi|237 
000535 70.5 005513 005077 gi|45 022571 023007 gi|88 
000305 92.3 003496 003547 gi|46 025235 025286 gi|107 
000264 74.3 010893 011188 gi|46 001529 001827 gi|241 
000312 70.2 010980 011130 gi|46 005223 005372 gi|128 
000266 75.2 011143 010991 gi|46 006794 006948 gi|128 
000286 68.5 010991 011171 gi|46 010384 010579 gi|77 
000254 83.7 011002 010960 gi|47 004031 004073 gi|60 
002546 98.4 000001 000311 gi|48 000229 000539 gi|202 
000250 81.0 000100 000001 gi|48 033774 033881 gi|209 
000427 82.0 000310 000222 gi|48 033603 033693 gi|209 
000328 80.9 000342 000409 gi|48 000656 000722 gi|202 
000329 84.4 000405 000342 gi|48 033426 033489 gi|209 
000564 73.9 012931 012346 gi|48 035240 035819 gi|75 
000294 74.8 012614 013006 gi|48 009443 009834 gi|277 
000365 71.1 012993 012631 gi|48 017658 018017 gi|136 
000299 76.8 012764 012666 gi|48 009956 010048 gi|110 
000575 72.2 012991 012675 gi|48 023815 024128 gi|161 
000269 68.5 012681 012988 gi|48 014267 014571 gi|171 
000259 82.3 012681 012765 gi|48 009927 010004 gi|65 
000309 72.6 012786 012909 gi|48 027094 027217 gi|272 
000325 77.4 012909 012804 gi|48 016438 016543 gi|54 
000254 81.0 012868 012925 gi|48 011547 011604 gi|164 
000271 90.0 025315 025206 gi|48 036102 036210 gi|61 
000379 72.1 027353 027707 gi|48 038605 038959 gi|183 
000308 76.9 033906 034074 gi|48 012203 012371 gi|152 
000311 75.5 033908 034074 gi|48 019800 019969 gi|151 
000314 72.8 033932 034089 gi|48 021754 021911 gi|239 
000274 68.2 034098 033945 gi|48 017651 017804 gi|218 
000260 70.1 034124 033948 gi|48 019777 019959 gi|248 
000274 75.5 034172 033953 gi|48 021836 022058 gi|237 
000419 80.0 034114 033965 gi|48 028249 028403 gi|187 
000515 76.6 044026 044328 gi|48 013897 014199 gi|261 
000256 71.4 046674 046886 gi|48 027624 027836 gi|209 
000434 77.8 047164 046684 gi|48 015984 016464 gi|165 
000296 78.1 046885 046699 gi|48 000730 000913 gi|61 
000691 74.2 047093 046711 gi|48 030018 030382 gi|241 
000325 72.3 047983 047315 gi|48 015984 016661 gi|165 
000473 70.5 047987 047317 gi|48 034831 035508 gi|252 
000413 67.6 047876 047334 gi|48 030045 030587 gi|241 
000648 70.5 047487 048015 gi|48 023006 023540 gi|261 
000274 71.5 047836 048014 gi|48 027967 028139 gi|209 
000543 73.3 011883 012197 gi|49 003647 003964 gi|277 
000296 77.7 012104 011917 gi|49 011338 011525 gi|88 
000649 76.3 000002 000322 gi|50 029417 029739 gi|62 
000420 82.7 009784 009858 gi|50 029248 029322 gi|118 
000254 79.1 010674 010608 gi|50 020101 020164 gi|207 
000439 79.1 010701 010611 gi|50 029233 029323 gi|118 
000297 75.9 016426 016369 gi|50 016402 016459 gi|130 
000272 81.0 020584 020688 gi|50 015488 015594 gi|214 
000262 79.4 020691 020629 gi|50 006640 006703 gi|284 
000277 74.8 024522 024632 gi|50 039168 039280 gi|280 
000368 71.3 024523 024710 gi|50 000248 000435 gi|155 
000284 71.8 024576 024731 gi|50 018267 018422 gi|92 
000326 67.2 024758 024582 gi|50 011962 012141 gi|129 
000395 73.3 025568 026027 gi|50 000223 000683 gi|226 
000680 74.9 025599 025929 gi|50 010735 011065 gi|108 
000504 71.0 026107 025701 gi|50 010672 011067 gi|129 
000543 73.9 025756 025935 gi|50 019327 019506 gi|92 
000346 75.5 025775 026035 gi|50 012319 012576 gi|189 
000470 70.7 025776 026072 gi|50 001375 001665 gi|155 
000271 72.3 026040 025799 gi|50 032200 032438 gi|145 
000381 72.4 002742 002551 gi|51 008938 009129 gi|161 
000377 81.4 003907 003806 gi|51 007604 007706 gi|161 
000925 73.2 005002 004017 gi|51 006636 007588 gi|161 
000329 76.1 002764 002326 gi|52 001267 001701 gi|244 
000381 72.7 002386 002718 gi|52 025715 026043 gi|277 
000286 77.5 002495 002614 gi|52 004701 004820 gi|186 
000339 77.3 002500 002671 gi|52 028413 028581 gi|180 
000330 78.2 005199 005035 gi|52 002833 002997 gi|259 
000290 71.4 005046 005199 gi|52 014450 014603 gi|161 
000329 76.9 005311 005496 gi|52 014620 014810 gi|161 
000342 72.6 005509 005342 gi|52 002585 002753 gi|259 
000285 85.1 020417 020503 gi|52 016637 016727 gi|54 
000461 73.3 008218 008584 gi|53 031775 032141 gi|141 
000278 91.5 027827 027757 gi|53 002227 002297 gi|220 
000289 77.6 016140 016723 gi|54 017459 018018 gi|136 
000575 78.8 016146 016889 gi|54 034991 035692 gi|75 
000280 74.2 016564 016433 gi|54 027093 027231 gi|272 
000311 76.2 016452 016552 gi|54 016830 016930 gi|195 
000428 75.6 016599 017098 gi|54 017034 017508 gi|195 
000255 76.4 018251 018339 gi|54 009911 009999 gi|65 
000308 81.3 018333 018503 gi|54 032895 033051 gi|121 
000287 78.9 032313 032478 gi|54 029316 029477 gi|141 
000263 76.9 034294 034040 gi|54 010735 011007 gi|257 
000250 84.4 005138 005017 gi|55 031111 031241 gi|262 
000627 71.6 013738 014389 gi|55 007218 007869 gi|194 
002427 78.4 002234 002794 gi|56 000011 000574 gi|90 
000274 81.1 007269 007138 gi|56 000812 000937 gi|222 
000427 82.3 001521 001335 gi|57 018598 018778 gi|124 
000376 72.1 001521 001418 gi|57 024436 024540 gi|124 
000296 81.2 001418 001486 gi|57 005974 006043 gi|134 
000311 83.9 001433 001488 gi|57 004951 005006 gi|253 
000265 77.2 001513 001457 gi|57 001730 001786 gi|81 
003701 80.2 001191 000001 gi|58 000001 001234 gi|258 
000566 100.0 000062 000001 gi|59 000001 000062 gi|253 
000566 100.0 000062 000001 gi|59 000001 000062 gi|200 
002502 84.5 000957 000051 gi|59 000001 000871 gi|134 
000373 75.2 000051 000353 gi|59 038011 038322 gi|218 
000265 80.2 000051 000662 gi|59 002922 003509 gi|124 
000805 70.2 039837 039401 gi|60 021778 022214 gi|227 
000541 72.0 039506 039851 gi|60 028904 029247 gi|139 
000722 76.0 039805 039523 gi|60 036829 037109 gi|157 
000871 75.3 039924 039524 gi|60 007465 007868 gi|209 
000347 70.9 000958 000533 gi|61 025404 025844 gi|148 
000287 78.3 000648 000552 gi|61 023323 023409 gi|261 
000305 74.4 029487 029218 gi|62 027498 027766 gi|286 
000358 74.3 029272 029415 gi|62 042150 042297 gi|142 
001842 76.4 004330 005071 gi|63 017025 017764 gi|140 
000521 70.3 004366 004773 gi|63 025347 025751 gi|141 
001318 74.8 004377 004900 gi|63 012017 012537 gi|160 
000908 73.8 005006 004397 gi|63 008546 009156 gi|86 
000486 76.1 004895 005137 gi|63 012604 012846 gi|160 
000253 88.6 040273 040230 gi|63 013682 013724 gi|196 
000503 100.0 003302 003362 gi|64 000001 000061 gi|250 
000261 79.2 001472 001702 gi|65 028882 029133 gi|121 
000285 80.0 001774 001480 gi|65 009764 010067 gi|132 
000312 77.5 001705 001502 gi|65 037793 038003 gi|216 
000260 74.2 010137 009813 gi|65 009808 010147 gi|110 
000268 73.5 029579 029433 gi|65 017924 018073 gi|187 
001312 81.1 021923 021670 gi|67 006164 006420 gi|71 
001442 83.5 021921 021673 gi|67 006395 006645 gi|71 
000364 73.5 022978 023219 gi|68 033660 033901 gi|237 
000318 75.3 023072 023225 gi|68 000664 000817 gi|162 
000917 74.5 023612 024116 gi|68 034545 035085 gi|237 
000346 86.9 003957 004017 gi|70 032859 032925 gi|133 
000256 76.2 007155 007255 gi|70 009385 009486 gi|126 
000262 73.6 006646 006537 gi|71 002799 002911 gi|248 
001442 100.0 000169 000014 gi|72 007532 007687 gi|188 
000255 83.3 036668 036793 gi|73 025180 025301 gi|204 
000337 74.5 038109 038386 gi|73 012290 012549 gi|189 
000279 78.2 038119 038292 gi|73 019326 019502 gi|92 
000341 71.5 038133 038339 gi|73 000434 000633 gi|226 
000261 73.4 038166 038304 gi|73 013728 013866 gi|222 
000285 80.2 038433 038217 gi|73 028270 028480 gi|100 
000566 100.0 000001 000061 gi|74 006116 006176 gi|163 
000819 74.3 020326 020675 gi|74 003451 003806 gi|181 
000660 71.0 020757 020437 gi|74 030738 031061 gi|171 
000504 77.7 020672 020467 gi|74 021470 021682 gi|215 
000293 75.3 029845 029773 gi|74 013033 013106 gi|259 
000757 73.1 034987 035547 gi|75 017461 018027 gi|136 
000254 70.7 034993 035074 gi|75 016502 016583 gi|195 
000764 73.8 035021 035731 gi|75 023650 024375 gi|161 
000297 77.4 035605 035185 gi|75 014149 014569 gi|171 
000316 74.8 035545 035189 gi|75 009450 009806 gi|277 
000289 82.7 035305 035208 gi|75 011545 011643 gi|164 
000295 70.5 035461 035245 gi|75 022095 022311 gi|232 
000260 68.9 035540 035271 gi|75 000830 001100 gi|77 
000304 68.2 035489 035333 gi|75 007462 007630 gi|94 
000302 75.7 035637 036014 gi|75 018177 018563 gi|136 
003443 81.5 000733 000005 gi|76 002743 003457 gi|262 
000336 72.9 000832 001182 gi|77 009457 009803 gi|277 
000314 75.4 010315 010623 gi|77 005164 005460 gi|128 
000250 75.7 004424 004604 gi|78 039671 039857 gi|115 
000699 72.2 020632 021737 gi|78 017691 018772 gi|166 
000611 74.0 025460 025862 gi|78 019763 020170 gi|132 
000301 73.6 026252 026357 gi|78 020434 020539 gi|132 
000335 76.6 027165 027438 gi|78 021869 022154 gi|132 
000257 73.6 030989 030770 gi|78 001657 001868 gi|241 
000564 72.8 002830 002585 gi|79 024260 024505 gi|222 
000429 74.5 005668 005402 gi|79 024243 024508 gi|222 
000252 77.1 026043 026252 gi|80 021754 021963 gi|239 
000356 68.5 029757 030083 gi|80 025625 025951 gi|277 
000698 68.8 029761 030158 gi|80 004509 004904 gi|186 
000328 77.7 029847 030138 gi|80 028299 028587 gi|180 
000470 72.1 030235 029956 gi|80 001252 001531 gi|244 
000281 76.1 030160 030230 gi|80 004996 005066 gi|186 
000435 74.9 000306 001819 gi|81 017185 018695 gi|124 
000422 74.3 000327 000583 gi|81 002902 003156 gi|124 
000254 69.7 000505 000328 gi|81 000711 000886 gi|134 
000415 74.5 001151 001798 gi|81 023841 024512 gi|124 
000417 100.0 002764 002719 gi|81 002833 002878 gi|124 
000418 72.7 014379 014598 gi|83 029416 029638 gi|141 
000999 98.5 003945 004080 gi|84 000001 000135 gi|194 
001912 72.7 003935 005134 gi|85 026036 027217 gi|102 
000563 75.2 004055 004575 gi|85 037510 038045 gi|230 
000578 71.6 004058 004497 gi|85 022803 023242 gi|135 
000612 73.6 004549 004072 gi|85 015038 015518 gi|227 
000590 75.6 004652 004080 gi|85 019597 020167 gi|209 
000392 76.1 004161 004628 gi|85 012942 013409 gi|111 
000266 81.0 004271 004354 gi|85 007788 007862 gi|151 
000410 78.4 004394 004615 gi|85 002811 003035 gi|147 
000295 97.7 000001 000043 gi|86 002717 002759 gi|199 
000559 75.3 009129 008447 gi|86 025404 026131 gi|141 
000348 67.4 009145 008465 gi|86 008007 008792 gi|147 
000799 73.5 009154 008476 gi|86 017092 017768 gi|140 
000448 75.4 009156 008678 gi|86 012037 012520 gi|160 
000435 79.7 013522 013738 gi|86 033856 034062 gi|146 
000295 78.8 013792 013566 gi|86 004522 004734 gi|279 
000574 73.5 011251 011541 gi|88 021407 021697 gi|141 
000281 73.3 011546 011386 gi|88 003660 003822 gi|277 
000344 70.9 022620 022808 gi|88 025169 025350 gi|97 
000567 100.0 000060 000001 gi|89 000001 000060 gi|109 
000476 72.9 015422 015948 gi|89 023113 023639 gi|101 
000587 75.2 017595 018034 gi|89 031274 031713 gi|101 
000256 73.1 017669 017887 gi|89 025318 025536 gi|101 
000265 68.4 017854 017700 gi|89 003672 003826 gi|114 
000271 69.2 013414 013614 gi|91 031275 031475 gi|107 
000261 74.5 015615 015708 gi|91 021921 022019 gi|107 
001283 74.6 018110 019765 gi|92 009678 011342 gi|108 
000311 74.9 018211 019494 gi|92 000245 001522 gi|155 
000251 78.6 018324 018269 gi|92 031434 031489 gi|100 
000252 71.3 018278 019097 gi|92 010028 010829 gi|189 
000454 70.7 018498 018760 gi|92 039606 039868 gi|280 
000365 75.2 019056 019494 gi|92 000128 000578 gi|226 
000555 76.5 019500 019199 gi|92 010839 011140 gi|129 
000267 81.7 019214 019443 gi|92 012188 012414 gi|189 
000275 67.9 024585 024474 gi|93 016658 016769 gi|110 
000315 78.4 004251 004164 gi|94 001472 001558 gi|179 
000254 79.2 004202 004254 gi|94 021952 022004 gi|107 
000264 79.9 007425 007608 gi|94 037706 037886 gi|230 
000338 76.8 007631 007464 gi|94 023967 024123 gi|161 
000560 100.0 035150 035211 gi|94 000001 000062 gi|163 
000283 71.0 001330 001560 gi|95 022519 022753 gi|107 
000513 73.6 003992 003369 gi|95 021636 022250 gi|264 
004046 74.4 011617 009799 gi|95 038494 040273 gi|136 
002216 75.0 009916 011522 gi|95 035704 037286 gi|144 
000416 79.1 006035 005830 gi|99 000019 000212 gi|239 
001090 74.8 006959 005971 gi|99 033874 034847 gi|211 
000266 82.3 031489 031428 gi|100 039224 039291 gi|280 
000253 81.1 031434 031486 gi|100 034168 034220 gi|145 
000286 83.0 031489 031437 gi|100 010019 010071 gi|189 
000270 83.0 031439 031485 gi|100 012095 012141 gi|129 
000437 70.7 026023 026698 gi|102 022682 023342 gi|135 
000486 74.8 026160 026603 gi|102 037520 037978 gi|230 
000575 73.2 026792 026181 gi|102 019556 020167 gi|209 
000571 72.2 026813 026181 gi|102 014879 015510 gi|227 
000547 71.7 026492 026788 gi|102 002806 003107 gi|147 
001128 94.3 031297 031508 gi|102 019631 019815 gi|214 
001157 92.9 031339 031506 gi|102 019054 019218 gi|214 
001154 90.7 032441 032249 gi|102 019054 019240 gi|214 
001044 95.4 032447 032273 gi|102 019669 019814 gi|214 
000280 78.0 035024 035268 gi|102 014226 014452 gi|139 
000284 75.8 039081 039415 gi|102 003600 003931 gi|114 
000285 78.9 039090 039302 gi|102 031267 031482 gi|107 
000450 100.0 000001 000051 gi|103 009875 009925 gi|217 
000457 100.0 002761 002816 gi|103 000001 000056 gi|247 
000527 100.0 000001 000059 gi|104 020004 020062 gi|125 
000275 81.7 005698 005606 gi|104 038801 038898 gi|171 
001788 72.5 020491 021336 gi|105 032888 033722 gi|186 
001262 85.8 040623 040889 gi|105 000523 000792 gi|287 
000597 79.5 040623 040817 gi|105 000700 000897 gi|287 
001257 96.4 040695 040889 gi|105 000422 000615 gi|287 
000843 87.3 040724 040889 gi|105 000012 000165 gi|287 
001004 97.2 040746 040889 gi|105 000217 000384 gi|287 
000283 73.9 000313 000776 gi|106 002414 002889 gi|271 
000291 79.6 039439 039180 gi|106 019021 019312 gi|121 
000422 84.5 010681 010540 gi|107 037787 037943 gi|130 
000269 77.2 010596 010687 gi|107 029141 029227 gi|254 
000301 73.9 013919 013736 gi|107 021791 021974 gi|239 
000296 68.8 019840 020044 gi|107 003624 003828 gi|114 
000388 75.0 031112 031483 gi|107 003448 003828 gi|114 
000327 68.9 038017 038341 gi|107 003614 003962 gi|114 
000263 81.6 008478 008564 gi|108 002528 002626 gi|212 
000318 72.7 009823 010328 gi|108 000298 000816 gi|155 
000356 74.9 009825 010652 gi|108 010016 010824 gi|189 
000443 70.8 010586 011057 gi|108 001036 001520 gi|155 
000584 75.7 010598 011086 gi|108 000102 000605 gi|226 
000423 76.0 011056 010620 gi|108 010848 011308 gi|129 
000322 75.4 010755 011173 gi|108 012164 012578 gi|189 
000264 76.4 010926 011069 gi|108 013713 013857 gi|222 
001152 76.7 019065 019836 gi|108 038948 039707 gi|160 
000280 79.8 007245 007137 gi|110 020491 020593 gi|226 
000261 78.8 016191 016303 gi|110 000580 000695 gi|182 
000266 80.3 002194 002048 gi|111 026103 026254 gi|162 
001735 76.6 016113 015704 gi|113 023166 023575 gi|187 
000254 79.4 028526 028622 gi|113 032677 032773 gi|166 
000395 75.1 028888 029200 gi|113 033077 033398 gi|166 
000324 75.4 029944 030272 gi|113 034996 035323 gi|166 
000357 77.3 030891 031022 gi|113 035894 036025 gi|166 
001945 98.9 000001 000284 gi|114 017735 018018 gi|273 
001298 74.5 006771 007649 gi|114 037330 038208 gi|243 
000424 76.0 002414 001573 gi|115 022645 023511 gi|229 
000382 72.2 003570 003042 gi|115 021562 022071 gi|229 
000257 78.4 004062 004186 gi|115 000416 000534 gi|287 
000261 71.3 035879 036070 gi|115 034715 034906 gi|230 
000482 100.0 000001 000060 gi|116 039796 039855 gi|198 
000389 100.0 003928 003885 gi|116 039850 039893 gi|198 
000355 100.0 003889 003928 gi|116 000001 000040 gi|212 
000269 77.8 022686 022588 gi|117 011231 011323 gi|191 
000265 82.3 005569 005664 gi|119 031581 031674 gi|147 
000303 85.2 017092 017219 gi|121 019204 019326 gi|175 
000429 75.8 017110 017200 gi|121 039398 039488 gi|279 
000301 72.7 029126 028882 gi|121 009843 010081 gi|132 
000564 75.6 029486 028775 gi|123 004026 004737 gi|157 
000690 76.0 000434 001868 gi|124 038432 039842 gi|264 
000950 72.7 000915 001876 gi|124 001828 002756 gi|134 
001020 75.1 000963 001911 gi|124 001024 001934 gi|253 
001227 77.9 001868 000988 gi|124 041237 042099 gi|218 
000856 75.2 006770 005725 gi|124 000817 001912 gi|253 
000831 76.2 006647 005731 gi|124 001832 002754 gi|134 
000819 75.8 005732 006770 gi|124 041232 042300 gi|218 
000659 71.6 006741 005737 gi|124 038826 039842 gi|264 
000263 74.2 010793 009417 gi|124 038555 039937 gi|264 
000545 74.2 010608 009494 gi|124 000768 001936 gi|253 
000506 76.9 009514 010530 gi|124 041231 042271 gi|218 
000613 72.5 010579 010071 gi|124 001689 002191 gi|134 
000503 78.2 014262 016358 gi|124 040081 042234 gi|218 
000496 75.3 016240 014841 gi|124 001067 002469 gi|253 
000541 73.2 016561 015033 gi|124 001596 003154 gi|134 
000479 74.9 016639 015415 gi|124 038606 039830 gi|264 
000268 67.9 016908 016775 gi|124 000363 000496 gi|253 
000260 74.5 016889 016780 gi|124 001211 001320 gi|134 
000274 79.5 017453 017161 gi|124 000635 000928 gi|134 
000296 75.4 018758 018633 gi|124 005912 006043 gi|134 
001237 77.2 020476 021632 gi|124 041165 042345 gi|218 
001003 75.9 021467 020554 gi|124 000973 001910 gi|253 
000654 72.8 021623 020575 gi|124 038761 039830 gi|264 
000960 74.9 021645 020740 gi|124 001657 002568 gi|134 
000442 76.0 027181 026287 gi|124 001085 001959 gi|253 
000715 78.2 026288 027209 gi|124 041186 042090 gi|218 
000657 76.4 027193 026562 gi|124 039017 039654 gi|264 
000393 75.3 026754 026565 gi|124 002371 002560 gi|134 
000399 76.1 028501 028222 gi|124 037652 037922 gi|264 
000299 78.3 036832 036428 gi|124 027243 027630 gi|244 
000380 72.2 010509 010987 gi|127 032482 032973 gi|235 
000261 77.7 004576 004272 gi|128 034722 035037 gi|164 
000252 72.7 005179 005460 gi|128 001585 001854 gi|241 
000423 79.6 011201 010741 gi|129 012112 012572 gi|189 
000590 74.4 011186 010745 gi|129 000237 000678 gi|226 
000689 75.8 010985 010779 gi|129 001381 001588 gi|155 
000435 69.6 010981 010791 gi|129 026720 026910 gi|204 
000400 77.0 010844 010969 gi|129 032311 032438 gi|145 
000275 71.7 011695 011576 gi|129 010397 010516 gi|189 
000334 74.7 012187 011959 gi|129 009977 010205 gi|189 
000333 78.2 012200 012082 gi|129 000248 000366 gi|155 
000311 73.8 012207 012086 gi|129 039162 039283 gi|280 
000292 82.5 012214 012101 gi|129 025112 025225 gi|204 
000255 85.7 012167 012105 gi|129 012174 012236 gi|222 
001376 90.4 000001 000198 gi|130 030562 030753 gi|162 
000628 91.5 000001 000117 gi|130 030655 030753 gi|162 
000294 86.4 000001 000044 gi|130 031939 031982 gi|162 
000256 96.5 000001 000029 gi|130 030730 030758 gi|162 
001283 86.1 000003 000305 gi|130 030459 030758 gi|162 
000508 86.8 000003 000138 gi|130 032211 032334 gi|162 
000288 75.8 000024 000089 gi|130 031914 031982 gi|162 
000517 81.9 000044 000181 gi|130 032207 032341 gi|162 
000757 92.7 000065 000472 gi|130 031910 032309 gi|162 
000718 80.8 000090 000219 gi|130 032205 032334 gi|162 
001524 91.0 000096 000407 gi|130 030459 030758 gi|162 
000555 80.4 000133 000280 gi|130 032194 032341 gi|162 
000468 86.7 000139 000228 gi|130 031909 031992 gi|162 
001500 87.5 000194 000465 gi|130 030479 030744 gi|162 
000663 80.8 000214 000364 gi|130 032194 032341 gi|162 
000550 90.4 000249 000331 gi|130 031914 031993 gi|162 
000699 85.5 000266 000430 gi|130 032198 032341 gi|162 
001101 83.3 000279 000560 gi|130 030459 030743 gi|162 
000573 80.5 000316 000443 gi|130 032194 032336 gi|162 
000414 83.6 000356 000422 gi|130 031916 031982 gi|162 
000305 79.3 029933 029852 gi|130 023953 024035 gi|215 
000368 81.9 030111 030018 gi|130 028347 028437 gi|218 
000267 72.2 030096 030018 gi|130 004299 004376 gi|165 
000266 73.7 030636 031068 gi|130 017010 017450 gi|246 
000669 71.5 031249 031869 gi|130 017518 018140 gi|246 
000277 73.6 000559 001624 gi|131 017231 018292 gi|230 
000344 73.3 001194 001508 gi|131 025385 025694 gi|246 
000625 72.5 025202 025536 gi|131 022875 023226 gi|285 
000265 71.5 009843 010042 gi|132 037804 038003 gi|216 
000288 77.6 010012 009857 gi|132 020831 020990 gi|222 
000411 76.3 010108 009885 gi|132 027978 028183 gi|191 
000250 71.1 022379 022499 gi|132 008600 008717 gi|285 
000324 74.8 000886 000728 gi|134 037996 038158 gi|218 
001134 76.0 003519 001558 gi|134 040472 042455 gi|218 
001173 73.6 001727 003203 gi|134 038815 040309 gi|264 
002746 74.6 001796 003451 gi|134 000949 002589 gi|253 
000697 82.9 005892 006043 gi|134 004853 005004 gi|253 
000290 85.5 013351 013467 gi|135 015265 015381 gi|249 
000816 72.1 023831 022615 gi|135 019134 020389 gi|209 
000574 80.3 022695 023059 gi|135 001956 002320 gi|147 
000914 76.2 023378 022739 gi|135 014954 015593 gi|227 
000332 75.2 022828 023045 gi|135 037544 037773 gi|230 
000349 77.2 023077 023331 gi|135 002746 003006 gi|147 
000418 71.7 017436 018003 gi|136 023587 024158 gi|161 
000361 85.0 017458 017550 gi|136 016494 016585 gi|195 
000302 71.7 017971 017651 gi|136 014263 014583 gi|171 
000264 75.0 017858 017719 gi|136 007594 007732 gi|189 
000321 73.3 018006 017749 gi|136 022036 022290 gi|232 
000250 87.0 017941 017994 gi|136 019946 019999 gi|209 
001836 72.3 040167 038577 gi|136 035702 037289 gi|144 
000284 75.6 035765 035680 gi|137 016008 016091 gi|246 
000271 82.9 035680 035761 gi|137 023952 024042 gi|215 
000854 76.6 029259 028794 gi|139 021754 022219 gi|227 
000708 75.7 029407 028794 gi|139 007389 007995 gi|209 
000632 75.6 029184 028800 gi|139 036846 037230 gi|157 
001370 74.8 017081 017565 gi|140 012028 012512 gi|160 
000610 77.5 017101 017514 gi|140 025389 025799 gi|141 
000612 74.7 017584 017773 gi|140 012600 012789 gi|160 
000601 77.4 025348 025869 gi|141 012007 012537 gi|160 
000290 80.6 016013 015947 gi|144 019867 019933 gi|151 
000462 74.5 032448 032214 gi|145 000444 000678 gi|226 
000412 72.4 032438 032229 gi|145 001398 001607 gi|155 
000284 69.0 032438 032242 gi|145 012341 012537 gi|189 
000325 81.4 033901 033746 gi|145 000646 000803 gi|155 
000291 81.1 034280 034117 gi|145 009962 010128 gi|189 
000258 80.0 034190 034254 gi|145 012060 012123 gi|171 
000455 69.0 002318 002080 gi|147 019938 020172 gi|209 
000434 73.5 002322 002085 gi|147 015274 015511 gi|227 
000336 70.6 002990 002746 gi|147 015016 015258 gi|227 
000262 78.6 002899 002816 gi|147 027926 028009 gi|243 
000263 75.4 012193 012318 gi|148 020106 020221 gi|274 
000460 73.8 020745 020318 gi|148 034957 035379 gi|252 
000440 74.6 020356 020831 gi|148 027609 028090 gi|209 
000347 74.3 020773 020362 gi|148 030032 030428 gi|241 
000275 76.7 020367 020760 gi|148 023016 023401 gi|261 
000362 74.2 020835 020549 gi|148 016016 016305 gi|165 
000308 71.1 025612 025822 gi|148 027798 028011 gi|209 
000264 75.5 025885 025613 gi|148 034873 035150 gi|252 
000284 80.1 002085 002320 gi|149 036379 036604 gi|202 
000430 76.0 002725 002139 gi|149 002766 003289 gi|168 
000583 77.5 002509 002757 gi|149 036733 036978 gi|202 
000264 74.0 003525 003126 gi|149 001882 002262 gi|168 
000318 73.0 003144 003484 gi|149 037317 037657 gi|202 
000276 72.9 007744 008020 gi|151 009243 009528 gi|197 
000255 70.2 015493 015734 gi|151 021262 021503 gi|182 
000435 80.2 015503 015947 gi|151 031975 032412 gi|265 
000384 74.9 017327 018106 gi|151 007938 008732 gi|242 
000296 78.7 019901 019780 gi|151 005502 005625 gi|222 
000262 80.1 019950 019800 gi|151 021956 022103 gi|237 
000286 71.4 019994 019862 gi|151 017650 017782 gi|218 
000253 65.4 020003 019868 gi|151 019793 019930 gi|248 
000360 76.4 020800 020888 gi|151 022694 022782 gi|239 
000339 72.9 012237 012656 gi|152 004981 005402 gi|191 
000336 78.7 012998 013152 gi|152 012580 012753 gi|182 
000252 75.9 013196 013081 gi|152 000160 000275 gi|182 
000295 68.9 013085 013203 gi|152 022667 022785 gi|239 
003120 84.2 000003 000586 gi|153 034072 034655 gi|211 
000467 100.0 000056 000001 gi|155 000001 000056 gi|186 
000365 72.8 000202 000352 gi|155 039128 039273 gi|280 
000396 76.4 000260 000365 gi|155 009977 010081 gi|189 
000263 84.1 000300 000368 gi|155 025178 025246 gi|204 
000376 69.4 000720 001114 gi|155 010412 010830 gi|189 
001192 73.0 001074 001629 gi|155 000130 000685 gi|226 
000441 76.8 001239 001634 gi|155 012194 012576 gi|189 
000264 72.0 001260 001573 gi|155 026591 026907 gi|204 
001426 74.6 003423 002336 gi|157 015145 016202 gi|232 
000412 77.3 010602 010299 gi|157 016373 016687 gi|252 
000588 76.4 036740 037260 gi|157 007500 008022 gi|209 
000865 72.0 036855 037265 gi|157 021838 022251 gi|227 
000286 74.3 006467 006095 gi|160 026874 027238 gi|198 
000330 85.5 007323 007179 gi|160 019426 019568 gi|232 
000413 78.2 007631 007192 gi|160 026069 026511 gi|198 
000269 79.2 010221 009823 gi|160 007603 008034 gi|166 
000278 74.4 034497 034045 gi|160 040914 041345 gi|269 
000269 71.5 034942 034659 gi|160 040463 040746 gi|269 
000250 76.2 014899 014319 gi|161 002507 003117 gi|259 
000301 75.6 023707 023618 gi|161 022515 022600 gi|232 
000320 72.5 024123 023801 gi|161 014267 014590 gi|171 
000312 74.5 024012 023848 gi|161 007590 007760 gi|189 
000287 74.2 024331 023867 gi|161 037530 038003 gi|230 
000300 72.0 024263 023914 gi|161 021925 022277 gi|232 
000272 71.8 023924 024143 gi|161 019777 019993 gi|209 
000262 80.3 024087 024152 gi|161 017597 017662 gi|164 
000468 77.3 034306 033823 gi|164 001404 001872 gi|241 
000260 79.0 034989 034914 gi|164 000655 000730 gi|241 
000477 78.1 038340 038476 gi|164 008781 008923 gi|201 
000324 73.2 038340 038488 gi|164 036159 036316 gi|204 
000403 76.0 038452 038349 gi|164 033868 033971 gi|247 
000418 78.9 004280 004369 gi|165 020061 020157 gi|207 
000530 89.2 004304 004377 gi|165 028364 028438 gi|218 
001486 74.0 015926 016691 gi|165 034775 035541 gi|252 
000919 69.1 016552 015993 gi|165 027545 028108 gi|209 
000853 72.3 016727 016088 gi|165 022764 023409 gi|261 
000409 70.5 016094 016300 gi|165 030045 030251 gi|241 
000552 73.2 013603 013358 gi|166 029270 029515 gi|172 
000481 72.7 014395 014030 gi|166 028442 028810 gi|172 
000294 85.0 023422 023323 gi|166 040453 040560 gi|189 
000441 77.0 002245 001868 gi|168 037320 037699 gi|202 
000668 75.8 003464 002725 gi|168 036230 036986 gi|202 
001089 75.8 026543 027116 gi|168 001905 002484 gi|178 
000335 77.5 015791 015941 gi|169 000465 000619 gi|258 
000270 81.2 030093 030025 gi|170 002090 002161 gi|229 
000294 80.7 014432 014488 gi|171 027161 027217 gi|272 
000347 74.8 030920 030822 gi|171 003709 003807 gi|181 
000300 81.2 019614 019804 gi|172 019135 019311 gi|175 
000495 100.0 014660 014719 gi|174 000001 000060 gi|246 
000259 74.8 001493 000987 gi|175 025410 025963 gi|267 
000261 79.1 002327 002050 gi|175 024650 024900 gi|267 
000471 80.8 019318 019199 gi|175 005995 006114 gi|222 
000354 75.6 019228 019309 gi|175 027527 027607 gi|182 
000307 86.4 019228 019308 gi|175 039405 039488 gi|279 
000258 74.6 036918 036793 gi|175 006014 006141 gi|195 
000365 79.5 024669 024592 gi|176 021915 021993 gi|218 
000434 80.5 012645 012528 gi|177 032023 032152 gi|262 
000959 92.3 012738 012609 gi|177 032023 032152 gi|262 
000900 94.1 012820 012702 gi|177 032034 032152 gi|262 
000373 72.4 020217 020350 gi|178 020816 020949 gi|222 
000264 80.0 002281 002325 gi|179 033015 033059 gi|275 
000310 68.3 028543 028244 gi|180 012642 012942 gi|195 
000358 72.6 028581 028323 gi|180 001359 001617 gi|244 
000334 76.5 028420 028581 gi|180 025835 025996 gi|277 
000275 74.1 028455 028744 gi|180 004748 005067 gi|186 
000481 70.1 003800 003436 gi|181 021474 021832 gi|215 
000294 78.3 000288 000160 gi|182 022663 022778 gi|239 
000271 77.2 001201 001088 gi|182 037060 037170 gi|282 
000283 69.2 011740 011963 gi|182 021767 021989 gi|239 
000302 70.0 021250 021502 gi|182 031953 032211 gi|265 
000286 81.6 027608 027522 gi|182 006002 006089 gi|222 
000263 77.4 003058 003181 gi|183 027980 028110 gi|224 
000528 75.4 004615 004874 gi|186 025732 025996 gi|277 
000495 77.3 004901 004616 gi|186 001336 001619 gi|244 
000462 84.1 027985 027734 gi|187 037474 037724 gi|282 
000258 75.6 027745 027867 gi|187 017123 017242 gi|218 
000250 75.7 028237 028405 gi|187 021889 022057 gi|237 
004719 88.5 000866 000004 gi|189 033427 034294 gi|209 
001688 89.1 000196 000515 gi|189 000001 000328 gi|202 
000677 81.5 000604 000868 gi|189 000456 000720 gi|202 
000265 72.9 007752 007565 gi|189 016773 016972 gi|195 
000332 77.9 009965 010068 gi|189 039170 039273 gi|280 
000253 79.2 010016 010063 gi|189 025178 025225 gi|204 
000271 80.2 010407 010659 gi|189 039760 039995 gi|280 
000392 73.5 012278 012567 gi|189 000388 000673 gi|226 
000256 77.7 005859 005748 gi|194 020799 020926 gi|265 
000258 76.0 012609 012762 gi|195 001363 001516 gi|244 
000860 75.2 011714 012141 gi|196 030200 030633 gi|201 
000272 81.1 018081 018186 gi|196 025892 025985 gi|260 
000263 69.3 018207 018084 gi|196 000422 000551 gi|287 
000270 64.5 018198 018106 gi|196 000395 000487 gi|287 
000368 86.5 039889 039771 gi|198 000001 000128 gi|212 
000627 79.8 000001 000381 gi|200 000001 000432 gi|253 
000260 78.4 000448 000338 gi|200 042621 042731 gi|218 
001256 92.8 000014 000180 gi|201 030997 031163 gi|267 
001200 98.6 000042 000180 gi|201 031433 031571 gi|267 
000533 81.5 000376 000483 gi|201 031008 031115 gi|267 
000399 78.0 000393 000483 gi|201 031433 031523 gi|267 
000583 84.1 000831 001144 gi|201 030857 031164 gi|267 
000480 77.1 001005 001144 gi|201 031433 031572 gi|267 
000674 83.7 001328 001462 gi|201 031024 031164 gi|267 
000674 85.4 001329 001458 gi|201 031433 031568 gi|267 
000439 81.8 008954 008752 gi|201 033813 034006 gi|247 
000297 73.3 008774 008938 gi|201 036156 036314 gi|204 
001624 85.4 000328 000001 gi|202 033774 034106 gi|209 
001402 82.8 000718 000451 gi|202 033427 033693 gi|209 
000342 72.1 025180 025319 gi|202 012539 012678 gi|277 
000640 71.5 026042 026570 gi|202 038364 038892 gi|239 
000599 74.4 026727 027124 gi|202 039127 039527 gi|239 
000276 69.6 027214 027374 gi|202 039555 039715 gi|239 
000254 72.8 025114 025260 gi|204 012123 012281 gi|222 
000326 66.9 026639 026907 gi|204 000355 000629 gi|226 
000502 80.8 036336 036196 gi|204 033797 033947 gi|247 
000259 72.0 036288 036196 gi|204 038478 038570 gi|271 
000321 78.0 035953 036134 gi|205 014512 014693 gi|274 
000420 86.5 020100 020173 gi|207 028372 028449 gi|218 
000635 73.3 021528 021913 gi|207 019188 019574 gi|232 
000532 71.5 021888 021548 gi|207 012835 013176 gi|250 
001325 73.8 022326 023191 gi|207 020122 020981 gi|232 
000495 73.0 023069 022326 gi|207 011750 012484 gi|250 
000479 76.0 007615 007989 gi|209 021838 022212 gi|227 
001118 76.1 019560 020340 gi|209 014900 015668 gi|227 
000570 74.4 020193 019753 gi|209 037513 037973 gi|230 
001186 70.3 028148 027371 gi|209 034801 035577 gi|252 
000894 72.7 027508 028119 gi|209 022904 023513 gi|261 
000456 100.0 034792 034853 gi|211 000001 000062 gi|239 
000323 77.9 024031 023955 gi|215 013031 013106 gi|259 
000310 80.1 009627 009767 gi|216 024254 024394 gi|240 
000266 87.2 005721 005837 gi|218 016857 016966 gi|249 
000501 78.3 017391 016770 gi|218 022177 022795 gi|239 
000340 74.9 017051 017795 gi|218 019220 019949 gi|248 
000265 75.0 017649 017780 gi|218 021911 022042 gi|237 
000321 83.6 022067 021903 gi|218 012936 013106 gi|259 
000331 81.2 022269 022337 gi|218 033988 034058 gi|246 
001033 75.8 042738 040848 gi|218 000382 002278 gi|253 
000923 75.8 042653 041028 gi|218 038453 040078 gi|264 
000284 98.3 007773 007830 gi|223 000025 000085 gi|286 
000281 98.2 007776 007830 gi|223 000001 000055 gi|286 
000253 75.9 014192 014689 gi|227 011689 012159 gi|257 
000580 75.2 015531 015085 gi|227 037520 037978 gi|230 
000418 72.2 017237 017973 gi|230 024763 025496 gi|246 
000343 79.8 018089 018167 gi|230 025612 025690 gi|246 
000759 74.0 019568 019130 gi|232 012816 013253 gi|250 
000408 73.0 020549 019831 gi|232 012063 012799 gi|250 
000269 81.8 022280 022116 gi|232 002364 002560 gi|286 
000389 87.1 003278 003339 gi|233 021908 021971 gi|259 
000572 91.4 003344 003424 gi|233 021904 021985 gi|259 
000332 72.2 005862 006034 gi|235 010710 010885 gi|257 
000252 85.2 009972 010099 gi|235 031700 031823 gi|241 
000290 75.3 031961 031873 gi|235 024765 024853 gi|247 
000562 73.3 036133 036450 gi|235 025734 026044 gi|277 
000401 68.7 015659 015248 gi|236 024248 024659 gi|282 
000259 74.1 007448 007391 gi|240 028100 028157 gi|243 
000265 74.6 030007 030333 gi|241 034898 035239 gi|252 
000454 73.4 008889 008691 gi|243 029999 030197 gi|257 
000252 73.9 028190 028099 gi|243 002046 002150 gi|247 
000418 75.3 001647 001352 gi|244 025708 026003 gi|277 
000255 83.3 016461 016544 gi|245 038536 038609 gi|271 
000311 74.6 017871 017746 gi|246 027300 027425 gi|285 
000286 76.7 034049 033960 gi|246 015632 015728 gi|261 
000286 79.3 033988 034069 gi|246 013027 013105 gi|259 
000277 80.9 012242 012330 gi|249 004897 004983 gi|266 
000302 82.8 012247 012345 gi|249 039402 039508 gi|279 
000550 100.0 001724 001663 gi|251 000323 000384 gi|263 
001121 72.2 035642 034658 gi|252 022706 023687 gi|261 
001285 76.3 000793 001797 gi|253 038773 039735 gi|264 
000313 73.7 013106 013031 gi|259 015613 015690 gi|261 
000307 80.9 025978 025869 gi|260 000426 000541 gi|287 
000338 77.8 025978 025889 gi|260 000219 000302 gi|287 
000319 73.4 025984 025891 gi|260 000219 000312 gi|287 
000319 76.5 025978 025894 gi|260 000474 000552 gi|287 
000304 73.4 025972 025894 gi|260 000651 000729 gi|287 
020088 77.3 024699 018584 gi|262 000099 006248 gi|270 
000745 76.3 020215 020077 gi|262 004406 004544 gi|270 
000855 83.8 020525 020359 gi|262 004647 004820 gi|270 
000292 83.9 034198 034253 gi|264 012210 012265 gi|277 
000250 78.7 004900 004974 gi|266 039401 039486 gi|279 
000258 74.8 005867 005737 gi|272 008582 008712 gi|285 
000284 80.9 026872 026981 gi|272 009480 009586 gi|277 
