1310 11.58 0.00 0.53 gi|100 5132 5321 (26474) R=0 1 189 (0)
821 0.00 0.00 0.00 gi|104 28 125 (11160) R=4 1 98 (0)
1247 14.21 0.00 0.53 gi|106 22814 23003 (16997) C R=0 (0) 189 1
701 0.00 0.00 0.00 gi|107 12849 12923 (30871) C R=5 (0) 75 1
1054 14.61 6.18 0.00 gi|107 38718 38895 (4899) C R=0 (0) 189 1
1234 14.29 0.00 0.00 gi|113 1551 1739 (23289) R=0 1 189 (0)
466 0.00 0.00 0.00 gi|113 22513 22564 (2464) R=1 1 52 (0)
423 3.85 0.00 0.00 gi|18 7684 7735 (29435) C R=1 (0) 52 1
821 0.00 0.00 0.00 gi|25 28 125 (47139) R=4 1 98 (0)
1321 8.74 3.83 0.53 gi|25 5577 5759 (41505) C R=0 (0) 189 1
1095 15.51 1.60 0.53 gi|25 35675 35861 (11403) C R=0 (0) 189 1
816 0.00 0.00 0.00 gi|27 8857 8953 (0) C R=4 (0) 98 2
505 0.00 0.00 0.00 gi|3 1 55 (5180) R=3 1 55 (0)
701 0.00 0.00 0.00 gi|31 27274 27348 (47) R=5 1 75 (0)
1244 14.81 0.00 0.00 gi|43 19054 19242 (7568) R=0 1 189 (0)
1440 8.95 0.00 0.53 gi|46 6127 6316 (25678) R=0 1 189 (0)
1338 11.35 2.16 0.00 gi|46 12770 12954 (19040) C R=0 (0) 189 1
1125 13.11 4.37 1.06 gi|46 26571 26753 (5241) C R=0 (0) 189 1
505 0.00 0.00 0.00 gi|52 3437 3491 (253) C R=3 (0) 55 1
466 0.00 0.00 0.00 gi|58 248 299 (12050) C R=1 (0) 52 1
1096 18.52 0.00 0.53 gi|6 217 405 (22604) R=0 1 188 (1)
358 28.80 5.98 4.28 gi|6 5250 5433 (17576) R=0 3 189 (0)
1119 12.02 3.28 1.07 gi|63 19340 19522 (16016) C R=0 (0) 189 3
446 1.92 0.00 0.00 gi|7 25701 25752 (681) R=1 1 52 (0)
505 0.00 0.00 0.00 gi|77 1 55 (8511) R=3 1 55 (0)
1182 14.81 0.53 0.53 gi|77 3350 3538 (5028) R=0 1 189 (0)
1229 13.83 0.53 0.00 gi|79 1857 2044 (47352) C R=0 (0) 189 1
1189 12.23 1.60 1.06 gi|9 31900 32087 (4141) C R=0 (0) 189 1
261 25.68 1.35 0.00 gi|96 1317 1390 (3492) R=5 1 75 (0)
1111 15.47 4.42 0.00 gi|98 7224 7404 (32596) C R=0 (0) 189 1
276 21.13 2.82 1.39 gi|99 105 175 (13614) R=5 4 75 (0)
701 0.00 0.00 0.00 gi|99 208 282 (13507) R=5 1 75 (0)
