   SW   perc perc perc  query           position in query        matching         repeat       position in repeat
score   div. del. ins.  sequence        begin  end      (left)   repeat           class/family begin  end    (left)  ID

  326   15.8  0.0  0.0  VHLK02000001.1  219222 219278 (146752) + rnd-2_family-193 Unknown       552    608    (0)   1  
  519   28.3  9.4  3.2  VHLK02000001.1  220803 221068 (144962) + rnd-2_family-193 Unknown        68    349  (259)   2  
  444   24.3  0.9  0.0  VHLK02000001.1  221190 221300 (144730) + rnd-2_family-193 Unknown       497    608    (0)   2  
 2232   11.4  4.5  0.5  VHLK02000001.1  222656 223034 (142996) + rnd-2_family-193 Unknown         1    394  (214)   3  
  615   22.2  2.7  2.0  VHLK02000001.1  223245 223391 (142639) + rnd-2_family-193 Unknown       461    608    (0)   4  
 3696    9.1  4.4  2.1  VHLK02000001.1  224807 225401 (140629) + rnd-2_family-193 Unknown         1    608    (0)   5  
 2782    6.8  5.8  0.2  VHLK02000001.1  226756 227167 (138863) + rnd-2_family-193 Unknown        15    449  (159)   6  
  911   12.9  3.4  0.0  VHLK02000001.1  227247 227393 (138637) + rnd-2_family-193 Unknown       457    608    (0)   6  
 1760   20.6  0.8  0.6  VHLK02000001.1  228749 229099 (136931) + rnd-2_family-193 Unknown        16    367  (241)   7  
  879   18.9  0.7  0.0  VHLK02000001.1  229260 229412 (136618) + rnd-2_family-193 Unknown       455    608    (0)   7  
 1500   19.9  1.6  1.3  VHLK02000001.1  230816 231121 (134909) + rnd-2_family-193 Unknown         1    307  (301)   8  
  268   12.8  0.0  0.0  VHLK02000001.1  231174 231212 (134818) + rnd-2_family-193 Unknown       570    608    (0)   8  
 1771   19.3  0.9  0.6  VHLK02000001.1  232724 233056 (132974) + rnd-2_family-193 Unknown        34    367  (241)   9  
  662   25.0  0.7  0.0  VHLK02000001.1  233133 233276 (132754) + rnd-2_family-193 Unknown       464    608    (0)   9  
 1225   28.7 10.0  1.8  VHLK02000001.1  235451 235979 (130051) + rnd-2_family-193 Unknown        37    608    (0)  10  
  528   20.7  2.6  1.8  VHLK02000001.1  237943 238055 (127975) + rnd-2_family-193 Unknown       495    608    (0)  11  
 1445   19.5  3.8 10.6  VHLK02000001.1  239484 240005 (126025) + rnd-2_family-193 Unknown       119    608    (0)  12  
  662   23.8 16.4  4.9  VHLK02000001.1  241429 241910 (124120) + rnd-2_family-193 Unknown        72    608    (0)  13  
  690   26.6 10.1  2.5  VHLK02000001.1  245564 245930 (120100) + rnd-2_family-193 Unknown         1    394  (214)  14  
  317   15.8  0.0  0.0  VHLK02000001.1  246069 246125 (119905) + rnd-2_family-193 Unknown       552    608    (0)  15  
  541    8.0  0.9 16.6  VHLK02000026.1   79641  79797     (10) C rnd-1_family-0   Unknown       (1)     91      1  16  
  599   10.8  0.0  3.4  VHLK02000051.1     414    561      (0) + rnd-1_family-0   Unknown         1     92    (0)  17  
  617    9.0  0.7  5.0  VHLK02000062.1       1    234 (133211) + rnd-1_family-0   Unknown         1     92    (0)  18  
  665    9.1  0.0  2.3  VHLK02000091.1     742    877 (171918) + rnd-1_family-0   Unknown         1     92    (0)  19  
  621   10.6  0.0  0.0  VHLK02000091.1     870   1037 (171758) + rnd-1_family-0   Unknown         1     92    (0)  20 *
  640    6.7  0.0 14.0  VHLK02000091.1    1047   1435 (171360) + rnd-1_family-0   Unknown         1     92    (0)  21 *
  651    9.8  0.7  4.8  VHLK02000091.1    1428   1912 (170883) + rnd-1_family-0   Unknown         1     92    (0)  22  
  651   11.4  0.6  4.3  VHLK02000091.1    1903   2245 (170550) + rnd-1_family-0   Unknown         1     92    (0)  23  
  566   14.5  0.0  0.0  VHLK02000091.1    2238   2362 (170433) + rnd-1_family-0   Unknown         1     92    (0)  24 *
  693    9.0  0.1  8.6  VHLK02000091.1    2638   3430 (169365) + rnd-1_family-0   Unknown         1     92    (0)  25  
  689   10.8  1.4  1.8  VHLK02000091.1    3423   3598 (169197) + rnd-1_family-0   Unknown         1     92    (0)  26 *
  747    8.4  0.8  1.9  VHLK02000091.1    3589   4176 (168619) + rnd-1_family-0   Unknown         1     92    (0)  27  
  294   17.4  2.1 13.6  VHLK02000092.1   16551  16669   (3091) C rnd-1_family-0   Unknown       (1)     91      1  28  
  245   14.4  2.3 20.3  VHLK02000092.1   16668  16754   (3006) C rnd-1_family-0   Unknown      (15)     77      4  28 *
  347   14.7  2.8 11.6  VHLK02000092.1   16723  16825   (2935) C rnd-1_family-0   Unknown      (10)     82      1  29  
  235   26.6  2.4  6.2  VHLK02000092.1   16962  17045   (2715) C rnd-1_family-0   Unknown      (11)     81      1  30  
  335   23.6  0.0 10.5  VHLK02000092.1   17138  17234   (2526) C rnd-1_family-0   Unknown       (0)     92      2  31  
  282   18.8  0.0 28.0  VHLK02000092.1   17617  17712   (2048) C rnd-1_family-0   Unknown      (17)     75      1  32  
